2024-03-06 16:30:00.612 [DEBU] {1852a9a6a41fba17a07ff33ffa0a15a9} [ 33 ms] [default] [shop] [rows:23 ] SHOW TABLES
2024-03-06 16:30:00.616 [DEBU] {1852a9a6a41fba17a07ff33ffa0a15a9} [  3 ms] [default] [shop] [rows:9  ] SHOW FULL COLUMNS FROM `category_info`
2024-03-06 16:30:00.618 [DEBU] {1852a9a6a41fba17a07ff33ffa0a15a9} [  2 ms] [default] [shop] [rows:9  ] SELECT `id`,`parent_id`,`name`,`pic_url`,`level`,`sort`,`created_at`,`updated_at`,`deleted_at` FROM `category_info` WHERE `deleted_at` IS NULL ORDER BY `id` DESC
2024-03-06 16:30:00.619 [DEBU] {1852a9a6a41fba17a07ff33ffa0a15a9} [  0 ms] [default] [shop] [rows:1  ] SELECT COUNT(1) FROM `category_info` WHERE `deleted_at` IS NULL
2024-03-06 16:30:00.620 [DEBU] {1852a9a6a41fba17a07ff33ffa0a15a9} [  0 ms] [default] [shop] [rows:9  ] SELECT `id`,`pic_url`,`name`,`level`,`sort`,`created_at`,`updated_at` FROM `category_info` WHERE `deleted_at` IS NULL ORDER BY `id` DESC
2024-03-06 20:36:29.973 [DEBU] {2c53b612182dba17e9d954782082f57d} [ 12 ms] [default] [shop] [rows:8  ] SHOW FULL COLUMNS FROM `coupon_info`
2024-03-06 20:36:29.981 [DEBU] {2c53b612182dba17e9d954782082f57d} [  6 ms] [default] [shop] [rows:1  ] INSERT INTO `coupon_info`(`name`,`price`,`goods_ids`,`category_id`,`created_at`,`updated_at`) VALUES('电式点问角',56,'52',67,'2024-03-06 20:36:29','2024-03-06 20:36:29') 
2024-03-06 20:40:12.426 [DEBU] {40dd81de4b2dba17ead95478fb104522} [  5 ms] [default] [shop] [rows:1  ] UPDATE `coupon_info` SET `deleted_at`='2024-03-06 20:40:12' WHERE (`id`=16) AND `deleted_at` IS NULL
2024-03-06 20:41:11.009 [DEBU] {ecfd6782592dba17ebd954788100cda5} [  5 ms] [default] [shop] [rows:23 ] SHOW TABLES
2024-03-06 20:41:11.010 [DEBU] {ecfd6782592dba17ebd954788100cda5} [  1 ms] [default] [shop] [rows:10 ] SELECT `id`,`name`,`price`,`goods_ids`,`category_id`,`created_at`,`updated_at`,`deleted_at` FROM `coupon_info` WHERE `deleted_at` IS NULL ORDER BY `price` DESC LIMIT 0,10
2024-03-06 20:41:11.011 [DEBU] {ecfd6782592dba17ebd954788100cda5} [  1 ms] [default] [shop] [rows:1  ] SELECT COUNT(1) FROM `coupon_info` WHERE `deleted_at` IS NULL
2024-03-06 20:41:11.011 [DEBU] {ecfd6782592dba17ebd954788100cda5} [  0 ms] [default] [shop] [rows:10 ] SELECT `id`,`name`,`price`,`goods_ids`,`category_id`,`created_at`,`updated_at` FROM `coupon_info` WHERE `deleted_at` IS NULL ORDER BY `price` DESC LIMIT 0,10
2024-03-06 21:08:24.899 [DEBU] {f01090edd52eba17ca9ec233beda7fcf} [  7 ms] [default] [shop] [rows:7  ] SHOW FULL COLUMNS FROM `user_coupon_info`
2024-03-06 21:08:24.905 [DEBU] {f01090edd52eba17ca9ec233beda7fcf} [  5 ms] [default] [shop] [rows:1  ] INSERT INTO `user_coupon_info`(`user_id`,`coupon_id`,`status`,`created_at`,`updated_at`) VALUES(50,71,3,'2024-03-06 21:08:24','2024-03-06 21:08:24') 
2024-03-06 21:10:53.586 [DEBU] {dc4d698cf82eba17cb9ec23393df7e3f} [  2 ms] [default] [shop] [rows:0  ] UPDATE `user_coupon_info` SET `deleted_at`='2024-03-06 21:10:53' WHERE (`id`=3) AND `deleted_at` IS NULL
2024-03-06 21:11:19.938 [DEBU] {a0cc16affe2eba17cc9ec23348dc4d39} [  3 ms] [default] [shop] [rows:23 ] SHOW TABLES
2024-03-06 21:11:19.939 [DEBU] {a0cc16affe2eba17cc9ec23348dc4d39} [  0 ms] [default] [shop] [rows:3  ] SELECT `id`,`user_id`,`coupon_id`,`status`,`created_at`,`updated_at`,`deleted_at` FROM `user_coupon_info` WHERE `deleted_at` IS NULL ORDER BY `coupon_id` DESC LIMIT 0,10
2024-03-06 21:11:19.940 [DEBU] {a0cc16affe2eba17cc9ec23348dc4d39} [  1 ms] [default] [shop] [rows:1  ] SELECT COUNT(1) FROM `user_coupon_info` WHERE `deleted_at` IS NULL
2024-03-06 21:11:19.940 [DEBU] {a0cc16affe2eba17cc9ec23348dc4d39} [  0 ms] [default] [shop] [rows:3  ] SELECT `id`,`user_id`,`coupon_id`,`status`,`created_at`,`updated_at` FROM `user_coupon_info` WHERE `deleted_at` IS NULL ORDER BY `coupon_id` DESC LIMIT 0,10
2024-03-06 21:11:46.148 [DEBU] {247b23c9042fba17cd9ec2335227976b} [  5 ms] [default] [shop] [rows:1  ] UPDATE `user_coupon_info` SET `user_id`=95,`coupon_id`=35,`status`=17,`updated_at`='2024-03-06 21:11:46' WHERE (`id`=4) AND `deleted_at` IS NULL
2024-03-06 21:47:20.929 [DEBU] {98cc97d3f530ba172c13373811f2baeb} [ 11 ms] [default] [shop] [rows:15 ] SHOW FULL COLUMNS FROM `goods_info`
2024-03-06 21:47:20.934 [DEBU] {98cc97d3f530ba172c13373811f2baeb} [  5 ms] [default] [shop] [rows:1  ] INSERT INTO `goods_info`(`pic_url`,`name`,`price`,`level1_category_id`,`level2_category_id`,`level3_category_id`,`brand`,`stock`,`sale`,`tags`,`detail_info`,`created_at`,`updated_at`) VALUES('http://dummyimage.com/400x400','适全里光',59,66,50,83,'culpa',16,55,'exercitation','amet adipisicing aliqua','2024-03-06 21:47:20','2024-03-06 21:47:20') 
2024-03-06 22:05:42.211 [DEBU] {f8293d3df631ba176756977e912d90cf} [  8 ms] [default] [shop] [rows:15 ] SHOW FULL COLUMNS FROM `goods_info`
2024-03-06 22:05:42.213 [DEBU] {f8293d3df631ba176756977e912d90cf} [  1 ms] [default] [shop] [rows:0  ] UPDATE `goods_info` SET `deleted_at`='2024-03-06 22:05:42' WHERE (`id`=4) AND `deleted_at` IS NULL
2024-03-06 22:05:53.428 [DEBU] {bc563edaf831ba176856977e426a2f23} [  5 ms] [default] [shop] [rows:1  ] UPDATE `goods_info` SET `deleted_at`='2024-03-06 22:05:53' WHERE (`id`=5) AND `deleted_at` IS NULL
2024-03-06 22:05:57.033 [DEBU] {c00f4ab1f931ba176956977efac08dce} [  1 ms] [default] [shop] [rows:0  ] UPDATE `goods_info` SET `deleted_at`='2024-03-06 22:05:57' WHERE (`id`=5) AND `deleted_at` IS NULL
2024-03-06 22:06:09.830 [DEBU] {588c0aacfc31ba176a56977e145e9073} [  1 ms] [default] [shop] [rows:23 ] SHOW TABLES
2024-03-06 22:06:09.832 [DEBU] {588c0aacfc31ba176a56977e145e9073} [  0 ms] [default] [shop] [rows:3  ] SELECT `id`,`pic_url`,`name`,`price`,`level1_category_id`,`level2_category_id`,`level3_category_id`,`brand`,`stock`,`sale`,`tags`,`detail_info`,`created_at`,`updated_at`,`deleted_at` FROM `goods_info` WHERE `deleted_at` IS NULL LIMIT 0,10
2024-03-06 22:06:09.833 [DEBU] {588c0aacfc31ba176a56977e145e9073} [  1 ms] [default] [shop] [rows:1  ] SELECT COUNT(1) FROM `goods_info` WHERE `deleted_at` IS NULL
2024-03-06 22:06:09.835 [DEBU] {588c0aacfc31ba176a56977e145e9073} [  0 ms] [default] [shop] [rows:3  ] SELECT `id`,`pic_url`,`name`,`price`,`level1_category_id`,`level2_category_id`,`level3_category_id`,`brand`,`stock`,`sale`,`tags`,`detail_info`,`created_at`,`updated_at`,`deleted_at` FROM `goods_info` WHERE `deleted_at` IS NULL LIMIT 0,10
2024-03-06 22:06:45.845 [DEBU] {bcd9750e0532ba1788cfd55ce02ed951} [  4 ms] [default] [shop] [rows:23 ] SHOW TABLES
2024-03-06 22:06:45.847 [DEBU] {bcd9750e0532ba1788cfd55ce02ed951} [  1 ms] [default] [shop] [rows:15 ] SHOW FULL COLUMNS FROM `goods_info`
2024-03-06 22:06:45.848 [DEBU] {bcd9750e0532ba1788cfd55ce02ed951} [  1 ms] [default] [shop] [rows:3  ] SELECT `id`,`pic_url`,`name`,`price`,`level1_category_id`,`level2_category_id`,`level3_category_id`,`brand`,`stock`,`sale`,`tags`,`detail_info`,`created_at`,`updated_at`,`deleted_at` FROM `goods_info` WHERE `deleted_at` IS NULL LIMIT 0,10
2024-03-06 22:06:45.849 [DEBU] {bcd9750e0532ba1788cfd55ce02ed951} [  1 ms] [default] [shop] [rows:1  ] SELECT COUNT(1) FROM `goods_info` WHERE `deleted_at` IS NULL
2024-03-06 22:06:45.849 [DEBU] {bcd9750e0532ba1788cfd55ce02ed951} [  0 ms] [default] [shop] [rows:3  ] SELECT `id`,`pic_url`,`name`,`price`,`level1_category_id`,`level2_category_id`,`level3_category_id`,`brand`,`stock`,`sale`,`tags`,`detail_info`,`created_at`,`updated_at`,`deleted_at` FROM `goods_info` WHERE `deleted_at` IS NULL LIMIT 0,10
2024-03-06 22:11:57.685 [DEBU] {d8365fa94d32ba178dcfd55c3540bee7} [  7 ms] [default] [shop] [rows:1  ] UPDATE `goods_info` SET `pic_url`='http://dummyimage.com/400x400',`name`='太根将了',`price`=10,`level1_category_id`=25,`level2_category_id`=8,`level3_category_id`=75,`brand`='minim id amet sint',`stock`=21,`sale`=5,`tags`='anim in proident tempor Ut',`detail_info`='occaecat pariatur anim',`updated_at`='2024-03-06 22:11:57' WHERE (`id`=3) AND `deleted_at` IS NULL
