2024-03-07 09:54:21.412 [DEBU] {50301903a258ba17be62b727b81891cd} [  8 ms] [default] [shop] [rows:9  ] SHOW FULL COLUMNS FROM `goods_options_info`
2024-03-07 09:54:21.417 [DEBU] {50301903a258ba17be62b727b81891cd} [  4 ms] [default] [shop] [rows:1  ] INSERT INTO `goods_options_info`(`goods_id`,`pic_url`,`name`,`price`,`stock`,`created_at`,`updated_at`) VALUES(57,'http://dummyimage.com/400x400','表阶器花',87,52,'2024-03-07 09:54:21','2024-03-07 09:54:21') 
2024-03-07 09:54:38.062 [DEBU] {b4f5ece3a558ba17bf62b72704766eaa} [  3 ms] [default] [shop] [rows:1  ] UPDATE `goods_options_info` SET `deleted_at`='2024-03-07 09:54:38' WHERE (`id`=8) AND `deleted_at` IS NULL
2024-03-07 09:54:45.898 [DEBU] {70a326b7a758ba17c062b727d95c4045} [  1 ms] [default] [shop] [rows:23 ] SHOW TABLES
2024-03-07 09:54:45.899 [DEBU] {70a326b7a758ba17c062b727d95c4045} [  0 ms] [default] [shop] [rows:3  ] SELECT `id`,`goods_id`,`pic_url`,`name`,`price`,`stock`,`created_at`,`updated_at`,`deleted_at` FROM `goods_options_info` WHERE `deleted_at` IS NULL LIMIT 0,10
2024-03-07 09:54:45.900 [DEBU] {70a326b7a758ba17c062b727d95c4045} [  0 ms] [default] [shop] [rows:1  ] SELECT COUNT(1) FROM `goods_options_info` WHERE `deleted_at` IS NULL
2024-03-07 09:54:45.901 [DEBU] {70a326b7a758ba17c062b727d95c4045} [  1 ms] [default] [shop] [rows:3  ] SELECT `id`,`goods_id`,`pic_url`,`name`,`price`,`stock`,`created_at`,`updated_at`,`deleted_at` FROM `goods_options_info` WHERE `deleted_at` IS NULL LIMIT 0,10
2024-03-07 09:54:57.155 [DEBU] {14d4d355aa58ba17c162b7278e92b97f} [  5 ms] [default] [shop] [rows:1  ] UPDATE `goods_options_info` SET `goods_id`=86,`pic_url`='http://dummyimage.com/400x400',`name`='江拉直条严',`price`=26,`stock`=85,`updated_at`='2024-03-07 09:54:57' WHERE (`id`=7) AND `deleted_at` IS NULL
2024-03-07 14:56:37.724 [DEBU] {ac481ab32069ba174e8b391f73297eaf} [ 14 ms] [default] [shop] [rows:11 ] SHOW FULL COLUMNS FROM `article_info`
2024-03-07 14:56:37.738 [DEBU] {ac481ab32069ba174e8b391f73297eaf} [ 13 ms] [default] [shop] [rows:1  ] INSERT INTO `article_info`(`user_id`,`title`,`desc`,`pic_url`,`is_admin`,`praise`,`detail`,`created_at`,`updated_at`) VALUES(33,'位军值层观','cupidatat laborum ad','http://dummyimage.com/400x400',95,65,'labore amet commodo','2024-03-07 14:56:37','2024-03-07 14:56:37') 
2024-03-07 14:56:53.879 [DEBU] {8484e4762469ba174f8b391f9e6ddd83} [  3 ms] [default] [shop] [rows:23 ] SHOW TABLES
2024-03-07 14:56:53.880 [DEBU] {8484e4762469ba174f8b391f9e6ddd83} [  1 ms] [default] [shop] [rows:7  ] SELECT `id`,`user_id`,`title`,`desc`,`pic_url`,`is_admin`,`praise`,`detail`,`created_at`,`updated_at`,`deleted_at` FROM `article_info` WHERE `deleted_at` IS NULL LIMIT 0,10
2024-03-07 14:56:53.880 [DEBU] {8484e4762469ba174f8b391f9e6ddd83} [  0 ms] [default] [shop] [rows:1  ] SELECT COUNT(1) FROM `article_info` WHERE `deleted_at` IS NULL
2024-03-07 14:56:53.881 [DEBU] {8484e4762469ba174f8b391f9e6ddd83} [  0 ms] [default] [shop] [rows:7  ] SELECT `id`,`user_id`,`title`,`desc`,`pic_url`,`is_admin`,`praise`,`detail`,`created_at`,`updated_at`,`deleted_at` FROM `article_info` WHERE `deleted_at` IS NULL LIMIT 0,10
2024-03-07 14:57:05.397 [DEBU] {68c65d252769ba17508b391f6d1bff8b} [  5 ms] [default] [shop] [rows:1  ] UPDATE `article_info` SET `deleted_at`='2024-03-07 14:57:05' WHERE (`id`=9) AND `deleted_at` IS NULL
2024-03-07 15:07:55.581 [DEBU] {14872487be69ba1703daa14b8d6823d5} [  8 ms] [default] [shop] [rows:23 ] SHOW TABLES
2024-03-07 15:07:55.583 [DEBU] {14872487be69ba1703daa14b8d6823d5} [  1 ms] [default] [shop] [rows:11 ] SHOW FULL COLUMNS FROM `article_info`
2024-03-07 15:07:55.588 [DEBU] {14872487be69ba1703daa14b8d6823d5} [  5 ms] [default] [shop] [rows:1  ] UPDATE `article_info` SET `user_id`=15,`title`='正式东',`desc`='dolore',`pic_url`='http://dummyimage.com/400x400',`is_admin`=1,`praise`=66,`detail`='cupidatat est',`updated_at`='2024-03-07 15:07:55' WHERE (`id`=9) AND `deleted_at` IS NULL
2024-03-07 19:46:41.902 [DEBU] {68ba4bedf478ba170c6f9d16202d625d} [ 11 ms] [default] [shop] [rows:12 ] SHOW FULL COLUMNS FROM `user_info`
2024-03-07 19:46:41.915 [DEBU] {68ba4bedf478ba170c6f9d16202d625d} [ 12 ms] [default] [shop] [rows:1  ] INSERT INTO `user_info`(`name`,`avatar`,`password`,`user_salt`,`sex`,`status`,`sign`,`secret_answer`,`created_at`,`updated_at`) VALUES('有引下层','http://dummyimage.com/100x100','265ca4442970923ea3ef6d9644cbc3c6','MtH8YEdZxP',20,54,'ut aliqua','deserunt in labore nulla voluptate','2024-03-07 19:46:41','2024-03-07 19:46:41') 
2024-03-07 19:47:17.159 [DEBU] {3c9d3323fd78ba170e6f9d1656b31107} [  6 ms] [default] [shop] [rows:1  ] INSERT INTO `user_info`(`name`,`avatar`,`password`,`user_salt`,`sex`,`status`,`sign`,`secret_answer`,`created_at`,`updated_at`) VALUES('派才三温农解','http://dummyimage.com/100x100','38ade726b923e3748c5df8b59d06ed6b','5b88t8lx2x',93,4,'labore dolore dolore','officia enim anim','2024-03-07 19:47:17','2024-03-07 19:47:17') 
2024-03-07 20:54:51.947 [DEBU] {20fbfc36ad7cba17d56aa67fa823149b} [ 12 ms] [default] [shop] [rows:12 ] SHOW FULL COLUMNS FROM `user_info`
2024-03-07 20:54:51.952 [DEBU] {20fbfc36ad7cba17d56aa67fa823149b} [  5 ms] [default] [shop] [rows:1  ] INSERT INTO `user_info`(`name`,`avatar`,`password`,`user_salt`,`sex`,`status`,`sign`,`secret_answer`,`created_at`,`updated_at`) VALUES('zsq','http://dummyimage.com/100x100','56611f79802d488ea6f310222874c1e6','DHGwS6skbX',6,31,'sit elit Ut ut','ad magna minim','2024-03-07 20:54:51','2024-03-07 20:54:51') 
2024-03-07 20:55:12.547 [DEBU] {e4486503b27cba17d86aa67fe25a68b9} [  4 ms] [default] [shop] [rows:23 ] SHOW TABLES
2024-03-07 20:55:12.549 [DEBU] {a0d8a503b27cba17d96aa67f9f5b6067} [  2 ms] [default] [shop] [rows:9  ] SHOW FULL COLUMNS FROM `admin_info`
2024-03-07 20:55:12.551 [DEBU] {b834c803b27cba17da6aa67f930f6dc5} [  2 ms] [default] [shop] [rows:0  ] SELECT `id`,`name`,`password`,`role_ids`,`created_at`,`updated_at`,`user_salt`,`is_admin`,`deleted_at` FROM `admin_info` WHERE (`name`='zsq') AND `deleted_at` IS NULL LIMIT 1
2024-03-07 20:55:52.925 [DEBU] {40ac3a6abb7cba17dc6aa67fd9b49834} [  2 ms] [default] [shop] [rows:0  ] SELECT `id`,`name`,`password`,`role_ids`,`created_at`,`updated_at`,`user_salt`,`is_admin`,`deleted_at` FROM `admin_info` WHERE (`name`='zsq') AND `deleted_at` IS NULL LIMIT 1
2024-03-07 20:55:55.801 [DEBU] {08e8c115bc7cba17de6aa67f5d1e3195} [  0 ms] [default] [shop] [rows:0  ] SELECT `id`,`name`,`password`,`role_ids`,`created_at`,`updated_at`,`user_salt`,`is_admin`,`deleted_at` FROM `admin_info` WHERE (`name`='zsq') AND `deleted_at` IS NULL LIMIT 1
2024-03-07 20:59:04.735 [DEBU] {44b0da12e87cba1730094260d93354f5} [  4 ms] [default] [shop] [rows:23 ] SHOW TABLES
2024-03-07 20:59:04.739 [DEBU] {7c7c3a13e87cba1731094260880821ec} [  2 ms] [default] [shop] [rows:9  ] SHOW FULL COLUMNS FROM `admin_info`
2024-03-07 20:59:04.740 [DEBU] {18915c13e87cba1732094260603c42f4} [  1 ms] [default] [shop] [rows:0  ] SELECT `id`,`name`,`password`,`role_ids`,`created_at`,`updated_at`,`user_salt`,`is_admin`,`deleted_at` FROM `admin_info` WHERE (`name`='zsq') AND `deleted_at` IS NULL LIMIT 1
2024-03-07 21:06:04.319 [DEBU] {bc260bc4497dba170ce41c67dcb1b4fb} [  4 ms] [default] [shop] [rows:23 ] SHOW TABLES
2024-03-07 21:06:04.322 [DEBU] {901f57c4497dba170de41c677b8499ca} [  2 ms] [default] [shop] [rows:9  ] SHOW FULL COLUMNS FROM `admin_info`
2024-03-07 21:06:04.324 [DEBU] {d0cb7ec4497dba170ee41c67b9845173} [  1 ms] [default] [shop] [rows:0  ] SELECT `id`,`name`,`password`,`role_ids`,`created_at`,`updated_at`,`user_salt`,`is_admin`,`deleted_at` FROM `admin_info` WHERE (`name`='zsq') AND `deleted_at` IS NULL LIMIT 1
2024-03-07 21:08:28.853 [DEBU] {404ef66a6b7dba17b878a57b788bdd62} [  3 ms] [default] [shop] [rows:23 ] SHOW TABLES
2024-03-07 21:08:28.856 [DEBU] {e42a2f6b6b7dba17b978a57b8552b968} [  3 ms] [default] [shop] [rows:9  ] SHOW FULL COLUMNS FROM `admin_info`
2024-03-07 21:08:28.858 [DEBU] {0807666b6b7dba17ba78a57b630ca4e8} [  1 ms] [default] [shop] [rows:0  ] SELECT `id`,`name`,`password`,`role_ids`,`created_at`,`updated_at`,`user_salt`,`is_admin`,`deleted_at` FROM `admin_info` WHERE (`name`='zsq') AND `deleted_at` IS NULL LIMIT 1
2024-03-07 21:09:50.481 [DEBU] {d4132e6c7e7dba173ddaca45241750c2} [  7 ms] [default] [shop] [rows:23 ] SHOW TABLES
2024-03-07 21:09:50.487 [DEBU] {7c39b56c7e7dba173edaca45af2a8eb0} [  4 ms] [default] [shop] [rows:9  ] SHOW FULL COLUMNS FROM `admin_info`
2024-03-07 21:09:50.488 [DEBU] {2c22f46c7e7dba173fdaca457ce04bd4} [  1 ms] [default] [shop] [rows:0  ] SELECT `id`,`name`,`password`,`role_ids`,`created_at`,`updated_at`,`user_salt`,`is_admin`,`deleted_at` FROM `admin_info` WHERE (`name`='zsq') AND `deleted_at` IS NULL LIMIT 1
2024-03-07 21:10:04.825 [DEBU] {c8c663c3817dba1740daca452a16babd} [  2 ms] [default] [shop] [rows:12 ] SHOW FULL COLUMNS FROM `user_info`
2024-03-07 21:10:04.831 [DEBU] {c8c663c3817dba1740daca452a16babd} [  6 ms] [default] [shop] [rows:1  ] INSERT INTO `user_info`(`name`,`avatar`,`password`,`user_salt`,`sex`,`status`,`sign`,`secret_answer`,`created_at`,`updated_at`) VALUES('周后展方','http://dummyimage.com/100x100','e281ea3ef852ef475249fc5378a58f35','bROEfvafXa',12,58,'non Lorem eiusmod dolor Duis','ex labore','2024-03-07 21:10:04','2024-03-07 21:10:04') 
2024-03-07 21:10:29.914 [DEBU] {c8b6d79a877dba1742daca453c05fb6f} [  2 ms] [default] [shop] [rows:0  ] SELECT `id`,`name`,`password`,`role_ids`,`created_at`,`updated_at`,`user_salt`,`is_admin`,`deleted_at` FROM `admin_info` WHERE (`name`='周后展方') AND `deleted_at` IS NULL LIMIT 1
2024-03-07 21:21:48.025 [DEBU] {f452487d257eba17ed3ce0036d16c6f6} [  4 ms] [default] [shop] [rows:23 ] SHOW TABLES
2024-03-07 21:21:48.028 [DEBU] {68a6947d257eba17ee3ce003f840737c} [  2 ms] [default] [shop] [rows:12 ] SHOW FULL COLUMNS FROM `user_info`
2024-03-07 21:21:48.029 [DEBU] {142ac47d257eba17ef3ce0033cafb1e2} [  0 ms] [default] [shop] [rows:1  ] SELECT `id`,`name`,`avatar`,`password`,`user_salt`,`sex`,`status`,`sign`,`secret_answer`,`created_at`,`updated_at`,`deleted_at` FROM `user_info` WHERE (`name`='周后展方') AND `deleted_at` IS NULL LIMIT 1
2024-03-07 21:21:48.033 [DEBU] {1874fd7d257eba17f03ce003f463d734} [  0 ms] [default] [shop] [rows:1  ] SELECT `id`,`name`,`avatar`,`password`,`user_salt`,`sex`,`status`,`sign`,`secret_answer`,`created_at`,`updated_at`,`deleted_at` FROM `user_info` WHERE (`id`='8') AND `deleted_at` IS NULL LIMIT 1
2024-03-07 22:35:03.943 [DEBU] {20720ffe2482ba17c1365c17c9130f80} [  7 ms] [default] [shop] [rows:12 ] SHOW FULL COLUMNS FROM `user_info`
2024-03-07 22:35:03.945 [DEBU] {20720ffe2482ba17c1365c17c9130f80} [  1 ms] [default] [shop] [rows:23 ] SHOW TABLES
2024-03-07 22:35:03.946 [DEBU] {20720ffe2482ba17c1365c17c9130f80} [  0 ms] [default] [shop] [rows:0  ] SELECT `id`,`name`,`avatar`,`password`,`user_salt`,`sex`,`status`,`sign`,`secret_answer`,`created_at`,`updated_at`,`deleted_at` FROM `user_info` WHERE (`id` IS NULL) AND `deleted_at` IS NULL LIMIT 1
2024-03-07 22:39:34.941 [DEBU] {589b0f176482ba17262c1f47aa74f0e8} [  3 ms] [default] [shop] [rows:12 ] SHOW FULL COLUMNS FROM `user_info`
2024-03-07 22:39:34.944 [DEBU] {589b0f176482ba17262c1f47aa74f0e8} [  3 ms] [default] [shop] [rows:23 ] SHOW TABLES
2024-03-07 22:39:34.946 [DEBU] {589b0f176482ba17262c1f47aa74f0e8} [  1 ms] [default] [shop] [rows:0  ] SELECT `id`,`name`,`avatar`,`password`,`user_salt`,`sex`,`status`,`sign`,`secret_answer`,`created_at`,`updated_at`,`deleted_at` FROM `user_info` WHERE (`id`=0) AND `deleted_at` IS NULL LIMIT 1
2024-03-07 22:43:02.141 [DEBU] {3c3758559482ba17245db146f9e41262} [  2 ms] [default] [shop] [rows:23 ] SHOW TABLES
2024-03-07 22:43:02.145 [DEBU] {e82090559482ba17255db146f6f61deb} [  3 ms] [default] [shop] [rows:12 ] SHOW FULL COLUMNS FROM `user_info`
2024-03-07 22:43:02.147 [DEBU] {98e0c0559482ba17265db146684b0346} [  2 ms] [default] [shop] [rows:1  ] SELECT `id`,`name`,`avatar`,`password`,`user_salt`,`sex`,`status`,`sign`,`secret_answer`,`created_at`,`updated_at`,`deleted_at` FROM `user_info` WHERE (`name`='周后展方') AND `deleted_at` IS NULL LIMIT 1
2024-03-07 22:43:02.150 [DEBU] {ccddf8559482ba17275db1469e8a5a9e} [  1 ms] [default] [shop] [rows:1  ] SELECT `id`,`name`,`avatar`,`password`,`user_salt`,`sex`,`status`,`sign`,`secret_answer`,`created_at`,`updated_at`,`deleted_at` FROM `user_info` WHERE (`id`='8') AND `deleted_at` IS NULL LIMIT 1
2024-03-07 22:44:44.099 [DEBU] {9c628912ac82ba17295db14627d74642} [  1 ms] [default] [shop] [rows:0  ] SELECT `id`,`name`,`avatar`,`password`,`user_salt`,`sex`,`status`,`sign`,`secret_answer`,`created_at`,`updated_at`,`deleted_at` FROM `user_info` WHERE (`id`=0) AND `deleted_at` IS NULL LIMIT 1
2024-03-07 22:45:41.386 [DEBU] {3cd40e69b982ba172b5db1460015ed85} [  2 ms] [default] [shop] [rows:0  ] SELECT `id`,`name`,`avatar`,`password`,`user_salt`,`sex`,`status`,`sign`,`secret_answer`,`created_at`,`updated_at`,`deleted_at` FROM `user_info` WHERE (`id`=0) AND `deleted_at` IS NULL LIMIT 1
2024-03-07 22:46:30.502 [DEBU] {b4f7acd8c482ba172d5db1466bf4166e} [  2 ms] [default] [shop] [rows:0  ] SELECT `id`,`name`,`avatar`,`password`,`user_salt`,`sex`,`status`,`sign`,`secret_answer`,`created_at`,`updated_at`,`deleted_at` FROM `user_info` WHERE (`name`='zz') AND `deleted_at` IS NULL LIMIT 1
2024-03-07 22:49:02.534 [DEBU] {8c961b3ee882ba17325db1463632feca} [  8 ms] [default] [shop] [rows:1  ] INSERT INTO `user_info`(`name`,`avatar`,`password`,`user_salt`,`sex`,`status`,`sign`,`secret_answer`,`created_at`,`updated_at`) VALUES('zz','http://dummyimage.com/100x100','1e0965dabe1755f2968798e54a67e6ba','ft9nI0uKEw',12,58,'123456','ex labore','2024-03-07 22:49:02','2024-03-07 22:49:02') 
2024-03-07 22:49:28.587 [DEBU] {8095614fee82ba17335db146e3d286fa} [  0 ms] [default] [shop] [rows:0  ] SELECT `id`,`name`,`avatar`,`password`,`user_salt`,`sex`,`status`,`sign`,`secret_answer`,`created_at`,`updated_at`,`deleted_at` FROM `user_info` WHERE (`id`=0) AND `deleted_at` IS NULL LIMIT 1
2024-03-07 22:49:54.738 [DEBU] {64d00266f482ba17345db146e3ad81ac} [  2 ms] [default] [shop] [rows:0  ] SELECT `id`,`name`,`avatar`,`password`,`user_salt`,`sex`,`status`,`sign`,`secret_answer`,`created_at`,`updated_at`,`deleted_at` FROM `user_info` WHERE (`id`=0) AND `deleted_at` IS NULL LIMIT 1
2024-03-07 22:56:57.672 [DEBU] {9c52ccde5683ba17292ef23322ec41ae} [  4 ms] [default] [shop] [rows:23 ] SHOW TABLES
2024-03-07 22:56:57.675 [DEBU] {8c5015df5683ba172a2ef23336a0db80} [  2 ms] [default] [shop] [rows:12 ] SHOW FULL COLUMNS FROM `user_info`
2024-03-07 22:56:57.677 [DEBU] {dca63cdf5683ba172b2ef233f3e076e4} [  1 ms] [default] [shop] [rows:0  ] SELECT `id`,`name`,`avatar`,`password`,`user_salt`,`sex`,`status`,`sign`,`secret_answer`,`created_at`,`updated_at`,`deleted_at` FROM `user_info` WHERE (`name`='zzz') AND `deleted_at` IS NULL LIMIT 1
2024-03-07 22:57:00.685 [DEBU] {4c5d94925783ba172d2ef233b372546d} [  0 ms] [default] [shop] [rows:0  ] SELECT `id`,`name`,`avatar`,`password`,`user_salt`,`sex`,`status`,`sign`,`secret_answer`,`created_at`,`updated_at`,`deleted_at` FROM `user_info` WHERE (`name`='zzz') AND `deleted_at` IS NULL LIMIT 1
2024-03-07 22:57:08.328 [DEBU] {5021215a5983ba172f2ef233172b8536} [  1 ms] [default] [shop] [rows:0  ] SELECT `id`,`name`,`avatar`,`password`,`user_salt`,`sex`,`status`,`sign`,`secret_answer`,`created_at`,`updated_at`,`deleted_at` FROM `user_info` WHERE (`name`='zzz') AND `deleted_at` IS NULL LIMIT 1
2024-03-07 22:57:29.458 [DEBU] {38bf91455e83ba17312ef233a14054a9} [  1 ms] [default] [shop] [rows:0  ] SELECT `id`,`name`,`avatar`,`password`,`user_salt`,`sex`,`status`,`sign`,`secret_answer`,`created_at`,`updated_at`,`deleted_at` FROM `user_info` WHERE (`name`='zzz') AND `deleted_at` IS NULL LIMIT 1
2024-03-07 22:58:11.025 [DEBU] {a8d0eaf26783ba17322ef233961737ae} [  3 ms] [default] [shop] [rows:1  ] INSERT INTO `user_info`(`name`,`avatar`,`password`,`user_salt`,`sex`,`status`,`sign`,`secret_answer`,`created_at`,`updated_at`) VALUES('zzz','http://dummyimage.com/100x100','c205f11314dd8435df006a93d1720539','Swg0rbnAEl',12,58,'123456','ex labore','2024-03-07 22:58:11','2024-03-07 22:58:11') 
2024-03-07 22:58:18.430 [DEBU] {e0e578ac6983ba17342ef233f757842d} [  2 ms] [default] [shop] [rows:1  ] SELECT `id`,`name`,`avatar`,`password`,`user_salt`,`sex`,`status`,`sign`,`secret_answer`,`created_at`,`updated_at`,`deleted_at` FROM `user_info` WHERE (`name`='zzz') AND `deleted_at` IS NULL LIMIT 1
2024-03-07 22:58:35.629 [DEBU] {d4c8abad6d83ba17362ef233d5817b8a} [  1 ms] [default] [shop] [rows:1  ] SELECT `id`,`name`,`avatar`,`password`,`user_salt`,`sex`,`status`,`sign`,`secret_answer`,`created_at`,`updated_at`,`deleted_at` FROM `user_info` WHERE (`name`='zzz') AND `deleted_at` IS NULL LIMIT 1
2024-03-07 22:59:36.537 [DEBU] {34fe0bdc7b83ba173a2ef233eea27c27} [  1 ms] [default] [shop] [rows:1  ] SELECT `id`,`name`,`avatar`,`password`,`user_salt`,`sex`,`status`,`sign`,`secret_answer`,`created_at`,`updated_at`,`deleted_at` FROM `user_info` WHERE (`name`='zzz') AND `deleted_at` IS NULL LIMIT 1
2024-03-07 23:00:33.998 [DEBU] {00eaf43c8983ba173c2ef2334402e418} [  2 ms] [default] [shop] [rows:1  ] SELECT `id`,`name`,`avatar`,`password`,`user_salt`,`sex`,`status`,`sign`,`secret_answer`,`created_at`,`updated_at`,`deleted_at` FROM `user_info` WHERE (`name`='zzz') AND `deleted_at` IS NULL LIMIT 1
2024-03-07 23:01:16.001 [DEBU] {1c4e62049383ba173e2ef2334e4d514d} [  3 ms] [default] [shop] [rows:1  ] SELECT `id`,`name`,`avatar`,`password`,`user_salt`,`sex`,`status`,`sign`,`secret_answer`,`created_at`,`updated_at`,`deleted_at` FROM `user_info` WHERE (`name`='zzz') AND `deleted_at` IS NULL LIMIT 1
2024-03-07 23:10:45.533 [DEBU] {fcb6309f1784ba176253506075adae1e} [  3 ms] [default] [shop] [rows:23 ] SHOW TABLES
2024-03-07 23:10:45.536 [DEBU] {408b6d9f1784ba1763535060ddf6110a} [  2 ms] [default] [shop] [rows:12 ] SHOW FULL COLUMNS FROM `user_info`
2024-03-07 23:10:45.537 [DEBU] {ecf78b9f1784ba17645350601a47ca5c} [  1 ms] [default] [shop] [rows:1  ] SELECT `id`,`name`,`avatar`,`password`,`user_salt`,`sex`,`status`,`sign`,`secret_answer`,`created_at`,`updated_at`,`deleted_at` FROM `user_info` WHERE (`name`='zzz') AND `deleted_at` IS NULL LIMIT 1
2024-03-07 23:10:48.189 [DEBU] {a4d1a63d1884ba176653506087d5232c} [  1 ms] [default] [shop] [rows:1  ] SELECT `id`,`name`,`avatar`,`password`,`user_salt`,`sex`,`status`,`sign`,`secret_answer`,`created_at`,`updated_at`,`deleted_at` FROM `user_info` WHERE (`name`='zzz') AND `deleted_at` IS NULL LIMIT 1
2024-03-07 23:12:51.761 [DEBU] {f8d205033584ba1768535060207717bb} [  2 ms] [default] [shop] [rows:1  ] SELECT `id`,`name`,`avatar`,`password`,`user_salt`,`sex`,`status`,`sign`,`secret_answer`,`created_at`,`updated_at`,`deleted_at` FROM `user_info` WHERE (`name`='zzz') AND `deleted_at` IS NULL LIMIT 1
2024-03-07 23:12:52.354 [DEBU] {9c1777263584ba176a535060be3d013c} [  1 ms] [default] [shop] [rows:1  ] SELECT `id`,`name`,`avatar`,`password`,`user_salt`,`sex`,`status`,`sign`,`secret_answer`,`created_at`,`updated_at`,`deleted_at` FROM `user_info` WHERE (`name`='zzz') AND `deleted_at` IS NULL LIMIT 1
2024-03-07 23:12:52.956 [DEBU] {8ca95d4a3584ba176c535060a4093335} [  0 ms] [default] [shop] [rows:1  ] SELECT `id`,`name`,`avatar`,`password`,`user_salt`,`sex`,`status`,`sign`,`secret_answer`,`created_at`,`updated_at`,`deleted_at` FROM `user_info` WHERE (`name`='zzz') AND `deleted_at` IS NULL LIMIT 1
2024-03-07 23:12:53.555 [DEBU] {48a0046e3584ba176e535060ed9d88a8} [  1 ms] [default] [shop] [rows:1  ] SELECT `id`,`name`,`avatar`,`password`,`user_salt`,`sex`,`status`,`sign`,`secret_answer`,`created_at`,`updated_at`,`deleted_at` FROM `user_info` WHERE (`name`='zzz') AND `deleted_at` IS NULL LIMIT 1
2024-03-07 23:12:54.146 [DEBU] {0c7845913584ba1770535060496cceb0} [  1 ms] [default] [shop] [rows:1  ] SELECT `id`,`name`,`avatar`,`password`,`user_salt`,`sex`,`status`,`sign`,`secret_answer`,`created_at`,`updated_at`,`deleted_at` FROM `user_info` WHERE (`name`='zzz') AND `deleted_at` IS NULL LIMIT 1
2024-03-07 23:12:54.766 [DEBU] {b81c34b63584ba1772535060dff2fc1e} [  1 ms] [default] [shop] [rows:1  ] SELECT `id`,`name`,`avatar`,`password`,`user_salt`,`sex`,`status`,`sign`,`secret_answer`,`created_at`,`updated_at`,`deleted_at` FROM `user_info` WHERE (`name`='zzz') AND `deleted_at` IS NULL LIMIT 1
2024-03-07 23:12:55.378 [DEBU] {348fb7da3584ba17745350604441e417} [  0 ms] [default] [shop] [rows:1  ] SELECT `id`,`name`,`avatar`,`password`,`user_salt`,`sex`,`status`,`sign`,`secret_answer`,`created_at`,`updated_at`,`deleted_at` FROM `user_info` WHERE (`name`='zzz') AND `deleted_at` IS NULL LIMIT 1
2024-03-07 23:12:55.986 [DEBU] {90d9f1fe3584ba1776535060031c62ed} [  1 ms] [default] [shop] [rows:1  ] SELECT `id`,`name`,`avatar`,`password`,`user_salt`,`sex`,`status`,`sign`,`secret_answer`,`created_at`,`updated_at`,`deleted_at` FROM `user_info` WHERE (`name`='zzz') AND `deleted_at` IS NULL LIMIT 1
2024-03-07 23:12:56.554 [DEBU] {f0f3cd203684ba17785350605462575a} [  1 ms] [default] [shop] [rows:1  ] SELECT `id`,`name`,`avatar`,`password`,`user_salt`,`sex`,`status`,`sign`,`secret_answer`,`created_at`,`updated_at`,`deleted_at` FROM `user_info` WHERE (`name`='zzz') AND `deleted_at` IS NULL LIMIT 1
2024-03-07 23:12:57.063 [DEBU] {fcfb223f3684ba177a53506065a4f5f2} [  1 ms] [default] [shop] [rows:1  ] SELECT `id`,`name`,`avatar`,`password`,`user_salt`,`sex`,`status`,`sign`,`secret_answer`,`created_at`,`updated_at`,`deleted_at` FROM `user_info` WHERE (`name`='zzz') AND `deleted_at` IS NULL LIMIT 1
2024-03-07 23:13:14.744 [DEBU] {24b3b85c3a84ba177b535060fc2d4f71} [  4 ms] [default] [shop] [rows:1  ] INSERT INTO `user_info`(`name`,`avatar`,`password`,`user_salt`,`sex`,`status`,`sign`,`secret_answer`,`created_at`,`updated_at`) VALUES('区','http://dummyimage.com/100x100','019b148c167e45353c5559c68243957a','2BciWUfTtU',63,84,'elit tempor nisi magna Duis','ullamco fugiat eiusmod','2024-03-07 23:13:14','2024-03-07 23:13:14') 
2024-03-07 23:13:29.815 [DEBU] {1ce648df3d84ba177d5350604f30d96d} [  1 ms] [default] [shop] [rows:1  ] SELECT `id`,`name`,`avatar`,`password`,`user_salt`,`sex`,`status`,`sign`,`secret_answer`,`created_at`,`updated_at`,`deleted_at` FROM `user_info` WHERE (`name`='区') AND `deleted_at` IS NULL LIMIT 1
2024-03-07 23:13:29.817 [DEBU] {c82a76df3d84ba177e535060f77cec31} [  0 ms] [default] [shop] [rows:1  ] SELECT `id`,`name`,`avatar`,`password`,`user_salt`,`sex`,`status`,`sign`,`secret_answer`,`created_at`,`updated_at`,`deleted_at` FROM `user_info` WHERE (`id`='11') AND `deleted_at` IS NULL LIMIT 1
2024-03-07 23:13:52.449 [DEBU] {045467244384ba1780535060a99ed071} [  1 ms] [default] [shop] [rows:1  ] SELECT `id`,`name`,`avatar`,`password`,`user_salt`,`sex`,`status`,`sign`,`secret_answer`,`created_at`,`updated_at`,`deleted_at` FROM `user_info` WHERE (`name`='zzz') AND `deleted_at` IS NULL LIMIT 1
2024-03-07 23:13:52.450 [DEBU] {6c1a84244384ba17815350602304982a} [  0 ms] [default] [shop] [rows:1  ] SELECT `id`,`name`,`avatar`,`password`,`user_salt`,`sex`,`status`,`sign`,`secret_answer`,`created_at`,`updated_at`,`deleted_at` FROM `user_info` WHERE (`id`='10') AND `deleted_at` IS NULL LIMIT 1
2024-03-07 23:15:12.543 [DEBU] {601744ca5584ba17825350607e33e5fa} [  1 ms] [default] [shop] [rows:0  ] SELECT `id`,`name`,`avatar`,`password`,`user_salt`,`sex`,`status`,`sign`,`secret_answer`,`created_at`,`updated_at`,`deleted_at` FROM `user_info` WHERE (`id`=15) AND `deleted_at` IS NULL LIMIT 1
2024-03-07 23:15:57.678 [DEBU] {48917d4c6084ba1783535060df711287} [  1 ms] [default] [shop] [rows:0  ] SELECT `id`,`name`,`avatar`,`password`,`user_salt`,`sex`,`status`,`sign`,`secret_answer`,`created_at`,`updated_at`,`deleted_at` FROM `user_info` WHERE (`id`=15) AND `deleted_at` IS NULL LIMIT 1
2024-03-07 23:16:22.585 [DEBU] {58f72a196684ba1784535060420116a3} [  1 ms] [default] [shop] [rows:0  ] SELECT `id`,`name`,`avatar`,`password`,`user_salt`,`sex`,`status`,`sign`,`secret_answer`,`created_at`,`updated_at`,`deleted_at` FROM `user_info` WHERE (`id`=15) AND `deleted_at` IS NULL LIMIT 1
2024-03-07 23:16:54.903 [DEBU] {40bb699f6d84ba1785535060406cf8c1} [  1 ms] [default] [shop] [rows:0  ] SELECT `id`,`name`,`avatar`,`password`,`user_salt`,`sex`,`status`,`sign`,`secret_answer`,`created_at`,`updated_at`,`deleted_at` FROM `user_info` WHERE (`id`=15) AND `deleted_at` IS NULL LIMIT 1
2024-03-07 23:17:21.076 [DEBU] {24077bb77384ba178653506088ebf08f} [  1 ms] [default] [shop] [rows:0  ] SELECT `id`,`name`,`avatar`,`password`,`user_salt`,`sex`,`status`,`sign`,`secret_answer`,`created_at`,`updated_at`,`deleted_at` FROM `user_info` WHERE (`id`=15) AND `deleted_at` IS NULL LIMIT 1
2024-03-07 23:17:34.044 [DEBU] {7c036fbc7684ba178853506050cf1e9f} [  2 ms] [default] [shop] [rows:1  ] SELECT `id`,`name`,`avatar`,`password`,`user_salt`,`sex`,`status`,`sign`,`secret_answer`,`created_at`,`updated_at`,`deleted_at` FROM `user_info` WHERE (`name`='zzz') AND `deleted_at` IS NULL LIMIT 1
2024-03-07 23:17:34.045 [DEBU] {d88293bc7684ba1789535060605a46da} [  0 ms] [default] [shop] [rows:1  ] SELECT `id`,`name`,`avatar`,`password`,`user_salt`,`sex`,`status`,`sign`,`secret_answer`,`created_at`,`updated_at`,`deleted_at` FROM `user_info` WHERE (`id`='10') AND `deleted_at` IS NULL LIMIT 1
2024-03-07 23:18:02.027 [DEBU] {807e51407d84ba178a53506087541dd5} [  1 ms] [default] [shop] [rows:0  ] SELECT `id`,`name`,`avatar`,`password`,`user_salt`,`sex`,`status`,`sign`,`secret_answer`,`created_at`,`updated_at`,`deleted_at` FROM `user_info` WHERE (`id`=15) AND `deleted_at` IS NULL LIMIT 1
