2024-03-05 11:01:15.319 [DEBU] {38131c701fbfb9171688dc0e2128c84f} [ 10 ms] [default] [shop] [rows:23 ] SHOW TABLES
2024-03-05 11:01:15.323 [DEBU] {48e9cb701fbfb9171788dc0e4a571f0e} [  2 ms] [default] [shop] [rows:9  ] SHOW FULL COLUMNS FROM `admin_info`
2024-03-05 11:01:15.325 [DEBU] {181cfb701fbfb9171888dc0e6df75794} [  1 ms] [default] [shop] [rows:1  ] SELECT `id`,`name`,`password`,`role_ids`,`created_at`,`updated_at`,`user_salt`,`is_admin`,`deleted_at` FROM `admin_info` WHERE (`name`='魏超凡') AND `deleted_at` IS NULL LIMIT 1
2024-03-05 11:01:15.327 [DEBU] {5c4222711fbfb9171988dc0e8bbed793} [  1 ms] [default] [shop] [rows:1  ] SELECT `id`,`name`,`password`,`role_ids`,`created_at`,`updated_at`,`user_salt`,`is_admin`,`deleted_at` FROM `admin_info` WHERE (`id`='15') AND `deleted_at` IS NULL LIMIT 1
2024-03-05 11:01:15.329 [DEBU] {38e831711fbfb9171a88dc0e669a74b2} [  2 ms] [default] [shop] [rows:5  ] SHOW FULL COLUMNS FROM `role_permission_info`
2024-03-05 11:01:15.329 [DEBU] {c09d49711fbfb9171b88dc0e53157bd0} [  0 ms] [default] [shop] [rows:0  ] SELECT `id`,`role_id`,`permission_id`,`created_at`,`updated_at` FROM `role_permission_info` WHERE `role_id` IN ('888')
2024-03-05 11:01:15.330 [DEBU] {6c6459711fbfb9171c88dc0e5c314889} [  1 ms] [default] [shop] [rows:6  ] SHOW FULL COLUMNS FROM `permission_info`
2024-03-05 11:01:15.331 [DEBU] {844b69711fbfb9171d88dc0e0e1c5e55} [  0 ms] [default] [shop] [rows:0  ] SELECT `id`,`name`,`path`,`created_at`,`updated_at`,`deleted_at` FROM `permission_info` WHERE (0=1) AND `deleted_at` IS NULL
2024-03-05 20:13:22.167 [DEBU] {50b6126140ddb917ffce1023f4d84fae} [ 27 ms] [default] [shop] [rows:23 ] SHOW TABLES
2024-03-05 20:13:22.172 [DEBU] {e877cb6240ddb91700cf10237ae261ae} [  4 ms] [default] [shop] [rows:9  ] SHOW FULL COLUMNS FROM `admin_info`
2024-03-05 20:13:22.173 [DEBU] {9051036340ddb91701cf1023ed7373c2} [  1 ms] [default] [shop] [rows:1  ] SELECT `id`,`name`,`password`,`role_ids`,`created_at`,`updated_at`,`user_salt`,`is_admin`,`deleted_at` FROM `admin_info` WHERE (`name`='魏超凡') AND `deleted_at` IS NULL LIMIT 1
2024-03-05 20:13:22.176 [DEBU] {9422336340ddb91702cf1023eb2c851c} [  0 ms] [default] [shop] [rows:1  ] SELECT `id`,`name`,`password`,`role_ids`,`created_at`,`updated_at`,`user_salt`,`is_admin`,`deleted_at` FROM `admin_info` WHERE (`id`='15') AND `deleted_at` IS NULL LIMIT 1
2024-03-05 20:13:22.177 [DEBU] {18f63a6340ddb91703cf1023a7f5650b} [  1 ms] [default] [shop] [rows:5  ] SHOW FULL COLUMNS FROM `role_permission_info`
2024-03-05 20:13:22.178 [DEBU] {3cc4526340ddb91704cf1023a5cedaae} [  1 ms] [default] [shop] [rows:0  ] SELECT `id`,`role_id`,`permission_id`,`created_at`,`updated_at` FROM `role_permission_info` WHERE `role_id` IN ('888')
2024-03-05 20:13:22.179 [DEBU] {c0b46a6340ddb91705cf102322fbf7c4} [  0 ms] [default] [shop] [rows:6  ] SHOW FULL COLUMNS FROM `permission_info`
2024-03-05 20:13:22.181 [DEBU] {a8977c6340ddb91706cf1023ee1d3958} [  1 ms] [default] [shop] [rows:0  ] SELECT `id`,`name`,`path`,`created_at`,`updated_at`,`deleted_at` FROM `permission_info` WHERE (0=1) AND `deleted_at` IS NULL
2024-03-05 20:15:52.081 [DEBU] {a403c04963ddb9173a54122f596a94b7} [  9 ms] [default] [shop] [rows:23 ] SHOW TABLES
2024-03-05 20:15:52.084 [DEBU] {58a35c4a63ddb9173b54122fd542a9fd} [  2 ms] [default] [shop] [rows:9  ] SHOW FULL COLUMNS FROM `admin_info`
2024-03-05 20:15:52.085 [DEBU] {a411754a63ddb9173c54122fce33c2a3} [  1 ms] [default] [shop] [rows:1  ] SELECT `id`,`name`,`password`,`role_ids`,`created_at`,`updated_at`,`user_salt`,`is_admin`,`deleted_at` FROM `admin_info` WHERE (`name`='魏超凡') AND `deleted_at` IS NULL LIMIT 1
2024-03-05 20:15:52.087 [DEBU] {44f99c4a63ddb9173d54122fe09def32} [  0 ms] [default] [shop] [rows:1  ] SELECT `id`,`name`,`password`,`role_ids`,`created_at`,`updated_at`,`user_salt`,`is_admin`,`deleted_at` FROM `admin_info` WHERE (`id`='15') AND `deleted_at` IS NULL LIMIT 1
2024-03-05 20:15:52.089 [DEBU] {94c6ac4a63ddb9173e54122f4f44bb66} [  1 ms] [default] [shop] [rows:5  ] SHOW FULL COLUMNS FROM `role_permission_info`
2024-03-05 20:15:52.090 [DEBU] {ece9cc4a63ddb9173f54122f0bf10c94} [  0 ms] [default] [shop] [rows:0  ] SELECT `id`,`role_id`,`permission_id`,`created_at`,`updated_at` FROM `role_permission_info` WHERE `role_id` IN ('888')
2024-03-05 20:15:52.092 [DEBU] {0011d84a63ddb9174054122fb25ab78e} [  2 ms] [default] [shop] [rows:6  ] SHOW FULL COLUMNS FROM `permission_info`
2024-03-05 20:15:52.092 [DEBU] {80f6ea4a63ddb9174154122f8b8106f3} [  0 ms] [default] [shop] [rows:0  ] SELECT `id`,`name`,`path`,`created_at`,`updated_at`,`deleted_at` FROM `permission_info` WHERE (0=1) AND `deleted_at` IS NULL
2024-03-05 20:19:40.365 [DEBU] {60eecb7098ddb9174354122fbcfbdb67} [  5 ms] [default] [shop] [rows:1  ] SELECT `id`,`name`,`password`,`role_ids`,`created_at`,`updated_at`,`user_salt`,`is_admin`,`deleted_at` FROM `admin_info` WHERE (`name`='魏超凡') AND `deleted_at` IS NULL LIMIT 1
2024-03-05 20:19:40.368 [DEBU] {101e2d7198ddb9174454122f58325d46} [  1 ms] [default] [shop] [rows:1  ] SELECT `id`,`name`,`password`,`role_ids`,`created_at`,`updated_at`,`user_salt`,`is_admin`,`deleted_at` FROM `admin_info` WHERE (`id`='15') AND `deleted_at` IS NULL LIMIT 1
2024-03-05 20:19:40.371 [DEBU] {18da457198ddb9174554122f6608b434} [  3 ms] [default] [shop] [rows:0  ] SELECT `id`,`role_id`,`permission_id`,`created_at`,`updated_at` FROM `role_permission_info` WHERE `role_id` IN ('888')
2024-03-05 20:19:40.371 [DEBU] {dc94677198ddb9174654122f931f5614} [  0 ms] [default] [shop] [rows:0  ] SELECT `id`,`name`,`path`,`created_at`,`updated_at`,`deleted_at` FROM `permission_info` WHERE (0=1) AND `deleted_at` IS NULL
2024-03-05 20:26:18.106 [DEBU] {00c3fa0bf5ddb9174854122f9fc1996a} [  4 ms] [default] [shop] [rows:5  ] SELECT `id`,`name`,`password`,`role_ids`,`created_at`,`updated_at`,`user_salt`,`is_admin`,`deleted_at` FROM `admin_info` WHERE `deleted_at` IS NULL LIMIT 0,10
2024-03-05 20:26:18.107 [DEBU] {00c3fa0bf5ddb9174854122f9fc1996a} [  0 ms] [default] [shop] [rows:1  ] SELECT COUNT(1) FROM `admin_info` WHERE `deleted_at` IS NULL
2024-03-05 20:26:18.108 [DEBU] {00c3fa0bf5ddb9174854122f9fc1996a} [  0 ms] [default] [shop] [rows:5  ] SELECT `id`,`name`,`role_ids`,`is_admin`,`created_at`,`updated_at` FROM `admin_info` WHERE `deleted_at` IS NULL LIMIT 0,10
2024-03-05 21:29:03.471 [DEBU] {140ed0bc61e1b9177b2bb86e73ae7206} [  8 ms] [default] [shop] [rows:9  ] SHOW FULL COLUMNS FROM `category_info`
2024-03-05 21:29:03.477 [DEBU] {140ed0bc61e1b9177b2bb86e73ae7206} [  5 ms] [default] [shop] [rows:1  ] INSERT INTO `category_info`(`parent_id`,`name`,`pic_url`,`level`,`sort`,`created_at`,`updated_at`) VALUES(39,'四通加情两','http://dummyimage.com/400x400',71,87,'2024-03-05 21:29:03','2024-03-05 21:29:03') 
2024-03-05 21:36:16.245 [DEBU] {84348e80c6e1b917802bb86ed6a91603} [  3 ms] [default] [shop] [rows:0  ] UPDATE `category_info` SET `deleted_at`='2024-03-05 21:36:16' WHERE (`id`=0) AND `deleted_at` IS NULL
2024-03-05 21:36:27.959 [DEBU] {4c47fb3ac9e1b917812bb86e129531c4} [  0 ms] [default] [shop] [rows:0  ] UPDATE `category_info` SET `deleted_at`='2024-03-05 21:36:27' WHERE (`id`=0) AND `deleted_at` IS NULL
2024-03-05 21:36:36.693 [DEBU] {d4f38943cbe1b917822bb86ea3fa7d16} [  1 ms] [default] [shop] [rows:0  ] UPDATE `category_info` SET `deleted_at`='2024-03-05 21:36:36' WHERE (`id`=0) AND `deleted_at` IS NULL
2024-03-05 21:36:50.636 [DEBU] {b4178582cee1b917832bb86e5d81e33f} [  2 ms] [default] [shop] [rows:0  ] UPDATE `category_info` SET `deleted_at`='2024-03-05 21:36:50' WHERE (`id`=0) AND `deleted_at` IS NULL
2024-03-05 21:36:59.469 [DEBU] {04471d91d0e1b917842bb86e647359fa} [  1 ms] [default] [shop] [rows:0  ] UPDATE `category_info` SET `deleted_at`='2024-03-05 21:36:59' WHERE (`id`=0) AND `deleted_at` IS NULL
2024-03-05 21:37:28.518 [DEBU] {345c5454d7e1b917852bb86e2f05144c} [  4 ms] [default] [shop] [rows:1  ] INSERT INTO `category_info`(`parent_id`,`name`,`pic_url`,`level`,`sort`,`created_at`,`updated_at`) VALUES(33,'可持到它','http://dummyimage.com/400x400',68,43,'2024-03-05 21:37:28','2024-03-05 21:37:28') 
2024-03-05 21:37:55.741 [DEBU] {5ca823abdde1b917862bb86e4b542952} [  1 ms] [default] [shop] [rows:0  ] UPDATE `category_info` SET `deleted_at`='2024-03-05 21:37:55' WHERE (`id`=0) AND `deleted_at` IS NULL
2024-03-05 21:38:18.128 [DEBU] {74e236e1e2e1b91786977b4eddc1e614} [  4 ms] [default] [shop] [rows:9  ] SHOW FULL COLUMNS FROM `category_info`
2024-03-05 21:38:18.129 [DEBU] {74e236e1e2e1b91786977b4eddc1e614} [  0 ms] [default] [shop] [rows:0  ] UPDATE `category_info` SET `deleted_at`='2024-03-05 21:38:18' WHERE (`id`=0) AND `deleted_at` IS NULL
2024-03-05 21:42:23.689 [DEBU] {3c45e70d1ce2b9178d977b4e5a795395} [  4 ms] [default] [shop] [rows:23 ] SHOW TABLES
2024-03-05 21:42:23.693 [DEBU] {3c45e70d1ce2b9178d977b4e5a795395} [  3 ms] [default] [shop] [rows:1  ] UPDATE `category_info` SET `parent_id`=0,`name`='决也员资认门会',`pic_url`='http://dummyimage.com/400x400',`level`=79,`sort`=96,`updated_at`='2024-03-05 21:42:23' WHERE (`id`=7) AND `deleted_at` IS NULL
2024-03-05 21:43:47.589 [DEBU] {7c61d5962fe2b9178f977b4eb037ac6e} [  2 ms] [default] [shop] [rows:0  ] UPDATE `category_info` SET `parent_id`=0,`name`='决也员资认门会',`pic_url`='http://dummyimage.com/400x400',`level`=79,`sort`=96,`updated_at`='2024-03-05 21:43:47' WHERE (`id`=0) AND `deleted_at` IS NULL
2024-03-05 21:46:20.995 [DEBU] {28a8984e53e2b91791977b4e4e15da0c} [  1 ms] [default] [shop] [rows:9  ] SELECT `id`,`parent_id`,`name`,`pic_url`,`level`,`sort`,`created_at`,`updated_at`,`deleted_at` FROM `category_info` WHERE `deleted_at` IS NULL ORDER BY `id` DESC LIMIT 0,10
2024-03-05 21:46:20.996 [DEBU] {28a8984e53e2b91791977b4e4e15da0c} [  0 ms] [default] [shop] [rows:1  ] SELECT COUNT(1) FROM `category_info` WHERE `deleted_at` IS NULL
2024-03-05 21:46:20.996 [DEBU] {28a8984e53e2b91791977b4e4e15da0c} [  0 ms] [default] [shop] [rows:9  ] SELECT `id`,`pic_url`,`name`,`level`,`sort`,`created_at`,`updated_at` FROM `category_info` WHERE `deleted_at` IS NULL ORDER BY `id` DESC LIMIT 0,10
