2024-03-03 15:43:07.882 [DEBU] {bcfb5f0b5831b9178eb75560fbeaf34f} [101 ms] [default] [shop] [rows:23 ] SHOW TABLES
2024-03-03 15:43:07.888 [DEBU] {546a76115831b9178fb75560ef224931} [  5 ms] [default] [shop] [rows:9  ] SHOW FULL COLUMNS FROM `admin_info`
2024-03-03 15:43:07.892 [DEBU] {5cb9ce115831b91790b7556048b61d7a} [  3 ms] [default] [shop] [rows:1  ] SELECT `id`,`name`,`password`,`role_ids`,`created_at`,`updated_at`,`user_salt`,`is_admin`,`deleted_at` FROM `admin_info` WHERE (`name`='魏超凡') AND `deleted_at` IS NULL LIMIT 1
2024-03-03 15:43:07.902 [DEBU] {008090125831b91791b755604de27f48} [  0 ms] [default] [shop] [rows:1  ] SELECT `id`,`name`,`password`,`role_ids`,`created_at`,`updated_at`,`user_salt`,`is_admin`,`deleted_at` FROM `admin_info` WHERE (`id`='15') AND `deleted_at` IS NULL LIMIT 1
2024-03-03 15:43:07.903 [DEBU] {9ce7a0125831b91792b755609d6a0905} [  0 ms] [default] [shop] [rows:5  ] SHOW FULL COLUMNS FROM `role_permission_info`
2024-03-03 15:43:07.906 [DEBU] {a45db4125831b91793b75560bf469945} [  2 ms] [default] [shop] [rows:0  ] SELECT `id`,`role_id`,`permission_id`,`created_at`,`updated_at` FROM `role_permission_info` WHERE `role_id` IN ('888')
2024-03-03 15:43:07.908 [DEBU] {2428d8125831b91794b755601208b2cf} [  2 ms] [default] [shop] [rows:6  ] SHOW FULL COLUMNS FROM `permission_info`
2024-03-03 15:43:07.909 [DEBU] {3c56f1125831b91795b75560fc95890f} [  1 ms] [default] [shop] [rows:0  ] SELECT `id`,`name`,`path`,`created_at`,`updated_at`,`deleted_at` FROM `permission_info` WHERE (0=1) AND `deleted_at` IS NULL
2024-03-03 15:43:36.823 [DEBU] {58bd6fce5e31b9179ab7556001094fdd} [  0 ms] [default] [shop] [rows:1  ] SELECT `id`,`name`,`password`,`role_ids`,`created_at`,`updated_at`,`user_salt`,`is_admin`,`deleted_at` FROM `admin_info` WHERE (`name`='魏超凡') AND `deleted_at` IS NULL LIMIT 1
2024-03-03 15:43:36.826 [DEBU] {c43d92ce5e31b9179bb75560297e1c4a} [  0 ms] [default] [shop] [rows:1  ] SELECT `id`,`name`,`password`,`role_ids`,`created_at`,`updated_at`,`user_salt`,`is_admin`,`deleted_at` FROM `admin_info` WHERE (`id`='15') AND `deleted_at` IS NULL LIMIT 1
2024-03-03 15:43:36.827 [DEBU] {c0e6a1ce5e31b9179cb755601062e28b} [  0 ms] [default] [shop] [rows:0  ] SELECT `id`,`role_id`,`permission_id`,`created_at`,`updated_at` FROM `role_permission_info` WHERE `role_id` IN ('888')
2024-03-03 15:43:36.827 [DEBU] {788aaace5e31b9179db755605e0cd93a} [  0 ms] [default] [shop] [rows:0  ] SELECT `id`,`name`,`path`,`created_at`,`updated_at`,`deleted_at` FROM `permission_info` WHERE (0=1) AND `deleted_at` IS NULL
2024-03-03 15:46:49.815 [DEBU] {d85d0bbd8b31b9177d8f5553fe002b9d} [  7 ms] [default] [shop] [rows:6  ] SHOW FULL COLUMNS FROM `role_info`
2024-03-03 15:46:49.830 [ERRO] {d85d0bbd8b31b9177d8f5553fe002b9d} [ 15 ms] [default] [shop] [rows:0  ] INSERT INTO `role_info`(`name`,`desc`,`created_at`,`updated_at`) VALUES('运营','测试2','2024-03-03 15:46:49','2024-03-03 15:46:49') 
Error: Error 1062 (23000): Duplicate entry '运营' for key 'role_info.unique_index' 
Stack:
1.  hellpgf/internal/logic/role.(*sRole).Create
    C:/Users/14306/GolandProjects/awesomeProject1/src/GF/p/hellpgf/internal/logic/role/role.go:23
2.  hellpgf/internal/controller.(*cRole).Create
    C:/Users/14306/GolandProjects/awesomeProject1/src/GF/p/hellpgf/internal/controller/role.go:16
3.  hellpgf/internal/cmd.authAfterFunc
    C:/Users/14306/GolandProjects/awesomeProject1/src/GF/p/hellpgf/internal/cmd/cmd.go:166
4.  github.com/goflyfox/gtoken/gtoken.(*GfToken).authMiddleware
    C:/Users/14306/GolandProjects/awesomeProject1/src/pkg/mod/github.com/goflyfox/gtoken@v1.5.10/gtoken/gtoken.go:130
5.  hellpgf/internal/logic/middleware.(*sMiddleware).ResponseHandler
    C:/Users/14306/GolandProjects/awesomeProject1/src/GF/p/hellpgf/internal/logic/middleware/middleware.go:29
6.  hellpgf/internal/logic/middleware.(*sMiddleware).Ctx
    C:/Users/14306/GolandProjects/awesomeProject1/src/GF/p/hellpgf/internal/logic/middleware/middleware.go:72

2024-03-03 15:48:20.884 [DEBU] {6ca60df1a031b9177e8f55534fcd415c} [ 10 ms] [default] [shop] [rows:1  ] INSERT INTO `role_info`(`name`,`desc`,`created_at`,`updated_at`) VALUES('运营超超','测试2','2024-03-03 15:48:20','2024-03-03 15:48:20') 
2024-03-03 15:48:36.590 [DEBU] {4004b299a431b9177f8f555344929b14} [  2 ms] [default] [shop] [rows:1  ] INSERT INTO `role_info`(`name`,`desc`,`created_at`,`updated_at`) VALUES('运营帅帅','测试2','2024-03-03 15:48:36','2024-03-03 15:48:36') 
2024-03-03 15:51:13.620 [DEBU] {48184629c931b917808f555308374954} [  5 ms] [default] [shop] [rows:23 ] SHOW TABLES
2024-03-03 15:51:13.622 [DEBU] {48184629c931b917808f555308374954} [  2 ms] [default] [shop] [rows:9  ] SHOW FULL COLUMNS FROM `admin_info`
2024-03-03 15:51:13.624 [DEBU] {48184629c931b917808f555308374954} [  1 ms] [default] [shop] [rows:5  ] SELECT `id`,`name`,`password`,`role_ids`,`created_at`,`updated_at`,`user_salt`,`is_admin`,`deleted_at` FROM `admin_info` WHERE `deleted_at` IS NULL LIMIT 0,10
2024-03-03 15:51:13.625 [DEBU] {48184629c931b917808f555308374954} [  0 ms] [default] [shop] [rows:1  ] SELECT COUNT(1) FROM `admin_info` WHERE `deleted_at` IS NULL
2024-03-03 15:51:13.627 [DEBU] {48184629c931b917808f555308374954} [  1 ms] [default] [shop] [rows:5  ] SELECT `id`,`name`,`created_at`,`updated_at` FROM `admin_info` WHERE `deleted_at` IS NULL LIMIT 0,10
2024-03-03 15:52:24.533 [DEBU] {08f119acd931b917828f5553d556ddd2} [  3 ms] [default] [shop] [rows:0  ] UPDATE `role_info` SET `name`='运营卢响',`desc`='傻逼',`updated_at`='2024-03-03 15:52:24' WHERE (`id`=4) AND `deleted_at` IS NULL
2024-03-03 15:52:31.007 [DEBU] {ac02042edb31b917838f5553dcb0486f} [  3 ms] [default] [shop] [rows:1  ] UPDATE `role_info` SET `name`='运营卢响',`desc`='傻逼',`updated_at`='2024-03-03 15:52:31' WHERE (`id`=5) AND `deleted_at` IS NULL
2024-03-03 15:53:17.883 [DEBU] {d0bb0418e631b917848f55539fbd5080} [  3 ms] [default] [shop] [rows:0  ] UPDATE `role_info` SET `deleted_at`='2024-03-03 15:53:17' WHERE (`id`=4) AND `deleted_at` IS NULL
2024-03-03 15:57:21.551 [DEBU] {a055e2d31e32b917858f5553f6ec4191} [  1 ms] [default] [shop] [rows:5  ] SELECT `id`,`name`,`password`,`role_ids`,`created_at`,`updated_at`,`user_salt`,`is_admin`,`deleted_at` FROM `admin_info` WHERE `deleted_at` IS NULL LIMIT 0,20
2024-03-03 15:57:21.552 [DEBU] {a055e2d31e32b917858f5553f6ec4191} [  0 ms] [default] [shop] [rows:1  ] SELECT COUNT(1) FROM `admin_info` WHERE `deleted_at` IS NULL
2024-03-03 15:57:21.553 [DEBU] {a055e2d31e32b917858f5553f6ec4191} [  0 ms] [default] [shop] [rows:5  ] SELECT `id`,`name`,`created_at`,`updated_at` FROM `admin_info` WHERE `deleted_at` IS NULL LIMIT 0,20
2024-03-03 16:00:36.465 [DEBU] {d45e48354c32b917e91c243a33b764a4} [  4 ms] [default] [shop] [rows:23 ] SHOW TABLES
2024-03-03 16:00:36.467 [DEBU] {d45e48354c32b917e91c243a33b764a4} [  1 ms] [default] [shop] [rows:6  ] SHOW FULL COLUMNS FROM `role_info`
2024-03-03 16:00:36.468 [DEBU] {d45e48354c32b917e91c243a33b764a4} [  0 ms] [default] [shop] [rows:5  ] SELECT `id`,`name`,`created_at`,`updated_at`,`deleted_at` FROM `role_info` WHERE `deleted_at` IS NULL LIMIT 0,20
2024-03-03 16:00:36.469 [DEBU] {d45e48354c32b917e91c243a33b764a4} [  0 ms] [default] [shop] [rows:1  ] SELECT COUNT(1) FROM `role_info` WHERE `deleted_at` IS NULL
2024-03-03 16:00:36.470 [DEBU] {d45e48354c32b917e91c243a33b764a4} [  1 ms] [default] [shop] [rows:5  ] SELECT `id`,`name`,`desc`,`created_at`,`updated_at` FROM `role_info` WHERE `deleted_at` IS NULL LIMIT 0,20
2024-03-03 20:42:21.226 [DEBU] {60f29e27ac41b9176883857ff2194c33} [  3 ms] [default] [shop] [rows:5  ] SHOW FULL COLUMNS FROM `role_permission_info`
2024-03-03 20:42:21.229 [ERRO] {60f29e27ac41b9176883857ff2194c33} [  1 ms] [default] [shop] [rows:0  ] INSERT INTO `role_permission_info`(`role_id`,`created_at`,`updated_at`) VALUES(1,'2024-03-03 20:42:21','2024-03-03 20:42:21') 
Error: Error 1364 (HY000): Field 'permission_id' doesn't have a default value 
Stack:
1.  hellpgf/internal/logic/role.(*sRole).AddPermission
    C:/Users/14306/GolandProjects/awesomeProject1/src/GF/p/hellpgf/internal/logic/role/role.go:32
2.  hellpgf/internal/controller.(*cRole).AddpPermission
    C:/Users/14306/GolandProjects/awesomeProject1/src/GF/p/hellpgf/internal/controller/role.go:30
3.  hellpgf/internal/cmd.authAfterFunc
    C:/Users/14306/GolandProjects/awesomeProject1/src/GF/p/hellpgf/internal/cmd/cmd.go:166
4.  github.com/goflyfox/gtoken/gtoken.(*GfToken).authMiddleware
    C:/Users/14306/GolandProjects/awesomeProject1/src/pkg/mod/github.com/goflyfox/gtoken@v1.5.10/gtoken/gtoken.go:130
5.  hellpgf/internal/logic/middleware.(*sMiddleware).ResponseHandler
    C:/Users/14306/GolandProjects/awesomeProject1/src/GF/p/hellpgf/internal/logic/middleware/middleware.go:29
6.  hellpgf/internal/logic/middleware.(*sMiddleware).Ctx
    C:/Users/14306/GolandProjects/awesomeProject1/src/GF/p/hellpgf/internal/logic/middleware/middleware.go:72

2024-03-03 20:46:50.078 [DEBU] {f8d4b5c0ea41b9176a83857f6220bc32} [  3 ms] [default] [shop] [rows:23 ] SHOW TABLES
2024-03-03 20:46:50.080 [DEBU] {78d4e5c0ea41b9176b83857fba0301bf} [  2 ms] [default] [shop] [rows:9  ] SHOW FULL COLUMNS FROM `admin_info`
2024-03-03 20:46:50.080 [DEBU] {045e07c1ea41b9176c83857f0b69f4d5} [  0 ms] [default] [shop] [rows:1  ] SELECT `id`,`name`,`password`,`role_ids`,`created_at`,`updated_at`,`user_salt`,`is_admin`,`deleted_at` FROM `admin_info` WHERE (`name`='魏超凡') AND `deleted_at` IS NULL LIMIT 1
2024-03-03 20:46:50.082 [DEBU] {cc2126c1ea41b9176d83857f4d910889} [  0 ms] [default] [shop] [rows:1  ] SELECT `id`,`name`,`password`,`role_ids`,`created_at`,`updated_at`,`user_salt`,`is_admin`,`deleted_at` FROM `admin_info` WHERE (`id`='15') AND `deleted_at` IS NULL LIMIT 1
2024-03-03 20:46:50.083 [DEBU] {cc2126c1ea41b9176e83857f13293977} [  1 ms] [default] [shop] [rows:0  ] SELECT `id`,`role_id`,`permission_id`,`created_at`,`updated_at` FROM `role_permission_info` WHERE `role_id` IN ('888')
2024-03-03 20:46:50.084 [DEBU] {24c435c1ea41b9176f83857f7b6952f3} [  1 ms] [default] [shop] [rows:6  ] SHOW FULL COLUMNS FROM `permission_info`
2024-03-03 20:46:50.085 [DEBU] {fcef45c1ea41b9177083857f9b46a4e3} [  1 ms] [default] [shop] [rows:0  ] SELECT `id`,`name`,`path`,`created_at`,`updated_at`,`deleted_at` FROM `permission_info` WHERE (0=1) AND `deleted_at` IS NULL
2024-03-03 20:46:56.954 [ERRO] {1c59ae5aec41b9177183857fc3721f80} [  0 ms] [default] [shop] [rows:0  ] INSERT INTO `role_permission_info`(`role_id`,`created_at`,`updated_at`) VALUES(1,'2024-03-03 20:46:56','2024-03-03 20:46:56') 
Error: Error 1364 (HY000): Field 'permission_id' doesn't have a default value 
Stack:
1.  hellpgf/internal/logic/role.(*sRole).AddPermission
    C:/Users/14306/GolandProjects/awesomeProject1/src/GF/p/hellpgf/internal/logic/role/role.go:32
2.  hellpgf/internal/controller.(*cRole).AddpPermission
    C:/Users/14306/GolandProjects/awesomeProject1/src/GF/p/hellpgf/internal/controller/role.go:30
3.  hellpgf/internal/cmd.authAfterFunc
    C:/Users/14306/GolandProjects/awesomeProject1/src/GF/p/hellpgf/internal/cmd/cmd.go:166
4.  github.com/goflyfox/gtoken/gtoken.(*GfToken).authMiddleware
    C:/Users/14306/GolandProjects/awesomeProject1/src/pkg/mod/github.com/goflyfox/gtoken@v1.5.10/gtoken/gtoken.go:130
5.  hellpgf/internal/logic/middleware.(*sMiddleware).ResponseHandler
    C:/Users/14306/GolandProjects/awesomeProject1/src/GF/p/hellpgf/internal/logic/middleware/middleware.go:29
6.  hellpgf/internal/logic/middleware.(*sMiddleware).Ctx
    C:/Users/14306/GolandProjects/awesomeProject1/src/GF/p/hellpgf/internal/logic/middleware/middleware.go:72

2024-03-03 20:48:49.006 [DEBU] {20fa50710642b917275b6c2f6ea1b578} [  2 ms] [default] [shop] [rows:5  ] SHOW FULL COLUMNS FROM `role_permission_info`
2024-03-03 20:48:49.008 [ERRO] {20fa50710642b917275b6c2f6ea1b578} [  1 ms] [default] [shop] [rows:0  ] INSERT INTO `role_permission_info`(`role_id`,`created_at`,`updated_at`) VALUES(1,'2024-03-03 20:48:49','2024-03-03 20:48:49') 
Error: Error 1364 (HY000): Field 'permission_id' doesn't have a default value 
Stack:
1.  hellpgf/internal/logic/role.(*sRole).AddPermission
    C:/Users/14306/GolandProjects/awesomeProject1/src/GF/p/hellpgf/internal/logic/role/role.go:32
2.  hellpgf/internal/controller.(*cRole).AddpPermission
    C:/Users/14306/GolandProjects/awesomeProject1/src/GF/p/hellpgf/internal/controller/role.go:30
3.  hellpgf/internal/cmd.authAfterFunc
    C:/Users/14306/GolandProjects/awesomeProject1/src/GF/p/hellpgf/internal/cmd/cmd.go:166
4.  github.com/goflyfox/gtoken/gtoken.(*GfToken).authMiddleware
    C:/Users/14306/GolandProjects/awesomeProject1/src/pkg/mod/github.com/goflyfox/gtoken@v1.5.10/gtoken/gtoken.go:130
5.  hellpgf/internal/logic/middleware.(*sMiddleware).ResponseHandler
    C:/Users/14306/GolandProjects/awesomeProject1/src/GF/p/hellpgf/internal/logic/middleware/middleware.go:29
6.  hellpgf/internal/logic/middleware.(*sMiddleware).Ctx
    C:/Users/14306/GolandProjects/awesomeProject1/src/GF/p/hellpgf/internal/logic/middleware/middleware.go:72

2024-03-03 20:51:24.401 [DEBU] {245b859f2a42b917a711482872f42223} [  3 ms] [default] [shop] [rows:5  ] SHOW FULL COLUMNS FROM `role_permission_info`
2024-03-03 20:51:24.403 [ERRO] {245b859f2a42b917a711482872f42223} [  0 ms] [default] [shop] [rows:0  ] INSERT INTO `role_permission_info`(`role_id`,`created_at`,`updated_at`) VALUES(1,'2024-03-03 20:51:24','2024-03-03 20:51:24') 
Error: Error 1364 (HY000): Field 'permission_id' doesn't have a default value 
Stack:
1.  hellpgf/internal/logic/role.(*sRole).AddPermission
    C:/Users/14306/GolandProjects/awesomeProject1/src/GF/p/hellpgf/internal/logic/role/role.go:32
2.  hellpgf/internal/controller.(*cRole).AddpPermission
    C:/Users/14306/GolandProjects/awesomeProject1/src/GF/p/hellpgf/internal/controller/role.go:30
3.  hellpgf/internal/cmd.authAfterFunc
    C:/Users/14306/GolandProjects/awesomeProject1/src/GF/p/hellpgf/internal/cmd/cmd.go:166
4.  github.com/goflyfox/gtoken/gtoken.(*GfToken).authMiddleware
    C:/Users/14306/GolandProjects/awesomeProject1/src/pkg/mod/github.com/goflyfox/gtoken@v1.5.10/gtoken/gtoken.go:130
5.  hellpgf/internal/logic/middleware.(*sMiddleware).ResponseHandler
    C:/Users/14306/GolandProjects/awesomeProject1/src/GF/p/hellpgf/internal/logic/middleware/middleware.go:29
6.  hellpgf/internal/logic/middleware.(*sMiddleware).Ctx
    C:/Users/14306/GolandProjects/awesomeProject1/src/GF/p/hellpgf/internal/logic/middleware/middleware.go:72

2024-03-03 20:54:02.454 [DEBU] {c05a396c4f42b9177430271f2cd24446} [  3 ms] [default] [shop] [rows:5  ] SHOW FULL COLUMNS FROM `role_permission_info`
2024-03-03 20:54:02.455 [ERRO] {c05a396c4f42b9177430271f2cd24446} [  0 ms] [default] [shop] [rows:0  ] INSERT INTO `role_permission_info`(`role_id`,`created_at`,`updated_at`) VALUES(1,'2024-03-03 20:54:02','2024-03-03 20:54:02') 
Error: Error 1364 (HY000): Field 'permission_id' doesn't have a default value 
Stack:
1.  hellpgf/internal/logic/role.(*sRole).AddPermission
    C:/Users/14306/GolandProjects/awesomeProject1/src/GF/p/hellpgf/internal/logic/role/role.go:32
2.  hellpgf/internal/controller.(*cRole).AddpPermission
    C:/Users/14306/GolandProjects/awesomeProject1/src/GF/p/hellpgf/internal/controller/role.go:30
3.  hellpgf/internal/cmd.authAfterFunc
    C:/Users/14306/GolandProjects/awesomeProject1/src/GF/p/hellpgf/internal/cmd/cmd.go:166
4.  github.com/goflyfox/gtoken/gtoken.(*GfToken).authMiddleware
    C:/Users/14306/GolandProjects/awesomeProject1/src/pkg/mod/github.com/goflyfox/gtoken@v1.5.10/gtoken/gtoken.go:130
5.  hellpgf/internal/logic/middleware.(*sMiddleware).ResponseHandler
    C:/Users/14306/GolandProjects/awesomeProject1/src/GF/p/hellpgf/internal/logic/middleware/middleware.go:29
6.  hellpgf/internal/logic/middleware.(*sMiddleware).Ctx
    C:/Users/14306/GolandProjects/awesomeProject1/src/GF/p/hellpgf/internal/logic/middleware/middleware.go:72

2024-03-03 20:54:59.010 [DEBU] {cc5e37975c42b917c570d669aa67df58} [  3 ms] [default] [shop] [rows:5  ] SHOW FULL COLUMNS FROM `role_permission_info`
2024-03-03 20:54:59.013 [DEBU] {cc5e37975c42b917c570d669aa67df58} [  3 ms] [default] [shop] [rows:1  ] INSERT INTO `role_permission_info`(`role_id`,`permission_id`,`created_at`,`updated_at`) VALUES(1,1,'2024-03-03 20:54:59','2024-03-03 20:54:59') 
2024-03-03 20:55:14.485 [DEBU] {bca2b0316042b917c670d669a8c43884} [  2 ms] [default] [shop] [rows:1  ] INSERT INTO `role_permission_info`(`role_id`,`permission_id`,`created_at`,`updated_at`) VALUES(2,2,'2024-03-03 20:55:14','2024-03-03 20:55:14') 
2024-03-03 20:56:37.440 [DEBU] {d44604827342b917280bf55f5b5f39e3} [  3 ms] [default] [shop] [rows:5  ] SHOW FULL COLUMNS FROM `role_permission_info`
2024-03-03 20:56:37.446 [DEBU] {d44604827342b917280bf55f5b5f39e3} [  5 ms] [default] [shop] [rows:1  ] DELETE FROM `role_permission_info` WHERE `role_id`=1 AND `permission_id`=1
2024-03-03 22:05:58.642 [DEBU] {88a6df5c3c46b917ed403c4b7d57d4f3} [  6 ms] [default] [shop] [rows:6  ] SHOW FULL COLUMNS FROM `permission_info`
2024-03-03 22:05:58.655 [DEBU] {88a6df5c3c46b917ed403c4b7d57d4f3} [ 12 ms] [default] [shop] [rows:1  ] INSERT INTO `permission_info`(`name`,`path`,`created_at`,`updated_at`) VALUES('商品','admin/goods','2024-03-03 22:05:58','2024-03-03 22:05:58') 
2024-03-03 22:07:49.496 [ERRO] {585b8f2c5646b917ee403c4b19bf5d17} [  2 ms] [default] [shop] [rows:0  ] INSERT INTO `permission_info`(`name`,`path`,`created_at`,`updated_at`) VALUES('商品','admin/超超','2024-03-03 22:07:49','2024-03-03 22:07:49') 
Error: Error 1062 (23000): Duplicate entry '商品' for key 'permission_info.unique_name' 
Stack:
1.  hellpgf/internal/logic/permission.(*sPermission).Create
    C:/Users/14306/GolandProjects/awesomeProject1/src/GF/p/hellpgf/internal/logic/permission/peimission.go:24
2.  hellpgf/internal/controller.(*cPermission).Create
    C:/Users/14306/GolandProjects/awesomeProject1/src/GF/p/hellpgf/internal/controller/permission.go:16
3.  hellpgf/internal/cmd.authAfterFunc
    C:/Users/14306/GolandProjects/awesomeProject1/src/GF/p/hellpgf/internal/cmd/cmd.go:167
4.  github.com/goflyfox/gtoken/gtoken.(*GfToken).authMiddleware
    C:/Users/14306/GolandProjects/awesomeProject1/src/pkg/mod/github.com/goflyfox/gtoken@v1.5.10/gtoken/gtoken.go:130
5.  hellpgf/internal/logic/middleware.(*sMiddleware).ResponseHandler
    C:/Users/14306/GolandProjects/awesomeProject1/src/GF/p/hellpgf/internal/logic/middleware/middleware.go:29
6.  hellpgf/internal/logic/middleware.(*sMiddleware).Ctx
    C:/Users/14306/GolandProjects/awesomeProject1/src/GF/p/hellpgf/internal/logic/middleware/middleware.go:72

2024-03-03 22:08:02.478 [DEBU] {68ae4b325946b917ef403c4b46f9b365} [  4 ms] [default] [shop] [rows:1  ] INSERT INTO `permission_info`(`name`,`path`,`created_at`,`updated_at`) VALUES('赵帅起','admin/超超','2024-03-03 22:08:02','2024-03-03 22:08:02') 
2024-03-03 22:09:05.359 [DEBU] {74625bd66746b917f0403c4b74520fd6} [  2 ms] [default] [shop] [rows:23 ] SHOW TABLES
2024-03-03 22:09:05.363 [DEBU] {74625bd66746b917f0403c4b74520fd6} [  3 ms] [default] [shop] [rows:1  ] UPDATE `permission_info` SET `name`='zz',`path`='admin/cc',`updated_at`='2024-03-03 22:09:05' WHERE (`id`=1) AND `deleted_at` IS NULL
2024-03-03 22:10:17.023 [DEBU] {34fdea857846b917f1403c4bbb1e653a} [  2 ms] [default] [shop] [rows:0  ] UPDATE `permission_info` SET `deleted_at`='2024-03-03 22:10:17' WHERE (`id`=3) AND `deleted_at` IS NULL
2024-03-03 22:10:23.178 [DEBU] {383bc0f47946b917f2403c4b11dbce13} [  2 ms] [default] [shop] [rows:1  ] UPDATE `permission_info` SET `deleted_at`='2024-03-03 22:10:23' WHERE (`id`=2) AND `deleted_at` IS NULL
2024-03-03 22:11:14.810 [DEBU] {e4b659fa8546b917f4403c4b64ce4948} [  1 ms] [default] [shop] [rows:5  ] SELECT `id`,`name`,`created_at`,`updated_at`,`deleted_at` FROM `permission_info` WHERE `deleted_at` IS NULL LIMIT 0,20
2024-03-03 22:11:14.811 [DEBU] {e4b659fa8546b917f4403c4b64ce4948} [  0 ms] [default] [shop] [rows:1  ] SELECT COUNT(1) FROM `permission_info` WHERE `deleted_at` IS NULL
2024-03-03 22:11:14.812 [DEBU] {e4b659fa8546b917f4403c4b64ce4948} [  0 ms] [default] [shop] [rows:5  ] SELECT `id`,`name`,`path`,`created_at`,`updated_at` FROM `permission_info` WHERE `deleted_at` IS NULL LIMIT 0,20
