2024-03-09 09:11:11.015 [DEBU] {7ce95e0570f3ba17b3a61b165b0963ca} [ 17 ms] [default] [shop] [rows:6  ] SHOW FULL COLUMNS FROM `collection_info`
2024-03-09 09:11:11.019 [DEBU] {7ce95e0570f3ba17b3a61b165b0963ca} [  2 ms] [default] [shop] [rows:1  ] SELECT COUNT(1) FROM `collection_info`
2024-03-09 09:11:11.021 [DEBU] {7ce95e0570f3ba17b3a61b165b0963ca} [  2 ms] [default] [shop] [rows:23 ] SHOW TABLES
2024-03-09 09:11:11.022 [DEBU] {7ce95e0570f3ba17b3a61b165b0963ca} [  0 ms] [default] [shop] [rows:3  ] SELECT `id`,`user_id`,`object_id`,`type`,`created_at`,`updated_at` FROM `collection_info` LIMIT 0,10
2024-03-09 09:11:11.025 [DEBU] {7ce95e0570f3ba17b3a61b165b0963ca} [  3 ms] [default] [shop] [rows:15 ] SHOW FULL COLUMNS FROM `goods_info`
2024-03-09 09:11:11.026 [DEBU] {7ce95e0570f3ba17b3a61b165b0963ca} [  1 ms] [default] [shop] [rows:1  ] SELECT `id`,`name`,`pic_url`,`price` FROM `goods_info` WHERE (`id` IN(1,4,84)) AND `deleted_at` IS NULL
2024-03-09 09:11:11.027 [DEBU] {7ce95e0570f3ba17b3a61b165b0963ca} [  1 ms] [default] [shop] [rows:11 ] SHOW FULL COLUMNS FROM `article_info`
2024-03-09 09:11:11.028 [DEBU] {7ce95e0570f3ba17b3a61b165b0963ca} [  1 ms] [default] [shop] [rows:1  ] SELECT `id`,`title`,`desc`,`pic_url` FROM `article_info` WHERE (`id` IN(1,4,84)) AND `deleted_at` IS NULL
2024-03-09 09:11:41.775 [DEBU] {60b5ff2f77f3ba17b4a61b1649ad75e8} [  2 ms] [default] [shop] [rows:1  ] SELECT COUNT(1) FROM `collection_info`
2024-03-09 09:11:41.776 [DEBU] {60b5ff2f77f3ba17b4a61b1649ad75e8} [  0 ms] [default] [shop] [rows:3  ] SELECT `id`,`user_id`,`object_id`,`type`,`created_at`,`updated_at` FROM `collection_info` LIMIT 0,10
2024-03-09 09:11:41.779 [DEBU] {60b5ff2f77f3ba17b4a61b1649ad75e8} [  3 ms] [default] [shop] [rows:1  ] SELECT `id`,`name`,`pic_url`,`price` FROM `goods_info` WHERE (`id` IN(1,4,84)) AND `deleted_at` IS NULL
2024-03-09 09:11:41.781 [DEBU] {60b5ff2f77f3ba17b4a61b1649ad75e8} [  1 ms] [default] [shop] [rows:1  ] SELECT `id`,`title`,`desc`,`pic_url` FROM `article_info` WHERE (`id` IN(1,4,84)) AND `deleted_at` IS NULL
2024-03-09 09:11:44.573 [DEBU] {dc0fe6d677f3ba17b5a61b16fa8c2979} [  1 ms] [default] [shop] [rows:1  ] SELECT COUNT(1) FROM `collection_info`
2024-03-09 09:11:44.574 [DEBU] {dc0fe6d677f3ba17b5a61b16fa8c2979} [  1 ms] [default] [shop] [rows:3  ] SELECT `id`,`user_id`,`object_id`,`type`,`created_at`,`updated_at` FROM `collection_info` LIMIT 0,10
2024-03-09 09:11:44.574 [DEBU] {dc0fe6d677f3ba17b5a61b16fa8c2979} [  0 ms] [default] [shop] [rows:1  ] SELECT `id`,`name`,`pic_url`,`price` FROM `goods_info` WHERE (`id` IN(1,4,84)) AND `deleted_at` IS NULL
2024-03-09 09:11:44.575 [DEBU] {dc0fe6d677f3ba17b5a61b16fa8c2979} [  0 ms] [default] [shop] [rows:1  ] SELECT `id`,`title`,`desc`,`pic_url` FROM `article_info` WHERE (`id` IN(1,4,84)) AND `deleted_at` IS NULL
2024-03-09 09:12:05.682 [DEBU] {a4eb02c17cf3ba17b6a61b1665bea389} [  1 ms] [default] [shop] [rows:1  ] SELECT COUNT(1) FROM `collection_info`
2024-03-09 09:12:05.683 [DEBU] {a4eb02c17cf3ba17b6a61b1665bea389} [  1 ms] [default] [shop] [rows:3  ] SELECT `id`,`user_id`,`object_id`,`type`,`created_at`,`updated_at` FROM `collection_info` LIMIT 0,10
2024-03-09 09:12:05.683 [DEBU] {a4eb02c17cf3ba17b6a61b1665bea389} [  0 ms] [default] [shop] [rows:1  ] SELECT `id`,`name`,`pic_url`,`price` FROM `goods_info` WHERE (`id` IN(1,4,84)) AND `deleted_at` IS NULL
2024-03-09 09:12:05.684 [DEBU] {a4eb02c17cf3ba17b6a61b1665bea389} [  1 ms] [default] [shop] [rows:1  ] SELECT `id`,`title`,`desc`,`pic_url` FROM `article_info` WHERE (`id` IN(1,4,84)) AND `deleted_at` IS NULL
2024-03-09 09:12:54.100 [DEBU] {b4b3ed0688f3ba17b7a61b163c477388} [  2 ms] [default] [shop] [rows:1  ] SELECT COUNT(1) FROM `collection_info`
2024-03-09 09:12:54.101 [DEBU] {b4b3ed0688f3ba17b7a61b163c477388} [  0 ms] [default] [shop] [rows:5  ] SELECT `id`,`user_id`,`object_id`,`type`,`created_at`,`updated_at` FROM `collection_info` LIMIT 0,10
2024-03-09 09:12:54.103 [DEBU] {b4b3ed0688f3ba17b7a61b163c477388} [  2 ms] [default] [shop] [rows:1  ] SELECT `id`,`name`,`pic_url`,`price` FROM `goods_info` WHERE (`id` IN(5,6,1,4,84)) AND `deleted_at` IS NULL
2024-03-09 09:12:54.105 [DEBU] {b4b3ed0688f3ba17b7a61b163c477388} [  1 ms] [default] [shop] [rows:3  ] SELECT `id`,`title`,`desc`,`pic_url` FROM `article_info` WHERE (`id` IN(5,6,1,4,84)) AND `deleted_at` IS NULL
2024-03-09 09:14:57.981 [DEBU] {a0b777dea4f3ba178d3b444164ee48d7} [  6 ms] [default] [shop] [rows:6  ] SHOW FULL COLUMNS FROM `collection_info`
2024-03-09 09:14:57.982 [DEBU] {a0b777dea4f3ba178d3b444164ee48d7} [  1 ms] [default] [shop] [rows:1  ] SELECT COUNT(1) FROM `collection_info` WHERE `type`=2
2024-03-09 09:14:57.983 [DEBU] {a0b777dea4f3ba178d3b444164ee48d7} [  1 ms] [default] [shop] [rows:23 ] SHOW TABLES
2024-03-09 09:14:57.985 [DEBU] {a0b777dea4f3ba178d3b444164ee48d7} [  1 ms] [default] [shop] [rows:1  ] SELECT `id`,`user_id`,`object_id`,`type`,`created_at`,`updated_at` FROM `collection_info` WHERE `type`=2 LIMIT 0,10
2024-03-09 09:14:57.986 [DEBU] {a0b777dea4f3ba178d3b444164ee48d7} [  1 ms] [default] [shop] [rows:15 ] SHOW FULL COLUMNS FROM `goods_info`
2024-03-09 09:14:57.987 [DEBU] {a0b777dea4f3ba178d3b444164ee48d7} [  0 ms] [default] [shop] [rows:0  ] SELECT `id`,`name`,`pic_url`,`price` FROM `goods_info` WHERE (`id` IN(6)) AND `deleted_at` IS NULL
2024-03-09 09:14:57.988 [DEBU] {a0b777dea4f3ba178d3b444164ee48d7} [  1 ms] [default] [shop] [rows:11 ] SHOW FULL COLUMNS FROM `article_info`
2024-03-09 09:14:57.989 [DEBU] {a0b777dea4f3ba178d3b444164ee48d7} [  1 ms] [default] [shop] [rows:1  ] SELECT `id`,`title`,`desc`,`pic_url` FROM `article_info` WHERE (`id` IN(6)) AND `deleted_at` IS NULL
2024-03-09 09:36:15.341 [DEBU] {a4660947cef4ba17c87ea93a9135827a} [  6 ms] [default] [shop] [rows:6  ] SHOW FULL COLUMNS FROM `collection_info`
2024-03-09 09:36:15.343 [DEBU] {a4660947cef4ba17c87ea93a9135827a} [  1 ms] [default] [shop] [rows:1  ] SELECT COUNT(1) FROM `collection_info` WHERE `type`=2
2024-03-09 09:36:15.345 [DEBU] {a4660947cef4ba17c87ea93a9135827a} [  1 ms] [default] [shop] [rows:23 ] SHOW TABLES
2024-03-09 09:36:15.346 [DEBU] {a4660947cef4ba17c87ea93a9135827a} [  0 ms] [default] [shop] [rows:1  ] SELECT `id`,`user_id`,`object_id`,`type`,`created_at`,`updated_at` FROM `collection_info` WHERE `type`=2 LIMIT 0,10
2024-03-09 09:36:15.348 [DEBU] {a4660947cef4ba17c87ea93a9135827a} [  2 ms] [default] [shop] [rows:15 ] SHOW FULL COLUMNS FROM `goods_info`
2024-03-09 09:36:15.349 [DEBU] {a4660947cef4ba17c87ea93a9135827a} [  1 ms] [default] [shop] [rows:0  ] SELECT `id`,`name`,`pic_url`,`price` FROM `goods_info` WHERE (`id` IN(6)) AND `deleted_at` IS NULL
2024-03-09 09:36:15.349 [DEBU] {a4660947cef4ba17c87ea93a9135827a} [  0 ms] [default] [shop] [rows:11 ] SHOW FULL COLUMNS FROM `article_info`
2024-03-09 09:36:15.353 [DEBU] {a4660947cef4ba17c87ea93a9135827a} [  3 ms] [default] [shop] [rows:1  ] SELECT `id`,`title`,`desc`,`pic_url` FROM `article_info` WHERE (`id` IN(6)) AND `deleted_at` IS NULL
2024-03-09 09:36:55.434 [DEBU] {58da189dd7f4ba17ca7ea93ab0f97a74} [  2 ms] [default] [shop] [rows:1  ] SELECT COUNT(1) FROM `collection_info` WHERE `type`=1
2024-03-09 09:36:55.436 [DEBU] {58da189dd7f4ba17ca7ea93ab0f97a74} [  0 ms] [default] [shop] [rows:3  ] SELECT `id`,`user_id`,`object_id`,`type`,`created_at`,`updated_at` FROM `collection_info` WHERE `type`=1 LIMIT 0,10
2024-03-09 09:36:55.436 [DEBU] {58da189dd7f4ba17ca7ea93ab0f97a74} [  0 ms] [default] [shop] [rows:1  ] SELECT `id`,`name`,`pic_url`,`price` FROM `goods_info` WHERE (`id` IN(1,4,84)) AND `deleted_at` IS NULL
2024-03-09 09:39:06.296 [DEBU] {d8920d15f6f4ba17cb7ea93a48697af8} [  3 ms] [default] [shop] [rows:1  ] SELECT COUNT(1) FROM `collection_info` WHERE `type`=2
2024-03-09 09:39:06.297 [DEBU] {d8920d15f6f4ba17cb7ea93a48697af8} [  1 ms] [default] [shop] [rows:1  ] SELECT `id`,`user_id`,`object_id`,`type`,`created_at`,`updated_at` FROM `collection_info` WHERE `type`=2 LIMIT 0,10
2024-03-09 09:39:06.298 [DEBU] {d8920d15f6f4ba17cb7ea93a48697af8} [  1 ms] [default] [shop] [rows:0  ] SELECT `id`,`name`,`pic_url`,`price` FROM `goods_info` WHERE (`id` IN(6)) AND `deleted_at` IS NULL
2024-03-09 09:39:06.298 [DEBU] {d8920d15f6f4ba17cb7ea93a48697af8} [  0 ms] [default] [shop] [rows:1  ] SELECT `id`,`title`,`desc`,`pic_url` FROM `article_info` WHERE (`id` IN(6)) AND `deleted_at` IS NULL
2024-03-09 09:40:15.558 [DEBU] {e031363506f5ba17e67d8041eee16248} [  4 ms] [default] [shop] [rows:6  ] SHOW FULL COLUMNS FROM `collection_info`
2024-03-09 09:40:15.559 [DEBU] {e031363506f5ba17e67d8041eee16248} [  0 ms] [default] [shop] [rows:1  ] SELECT COUNT(1) FROM `collection_info` WHERE `type`=2
2024-03-09 09:40:15.561 [DEBU] {e031363506f5ba17e67d8041eee16248} [  1 ms] [default] [shop] [rows:23 ] SHOW TABLES
2024-03-09 09:40:15.562 [DEBU] {e031363506f5ba17e67d8041eee16248} [  1 ms] [default] [shop] [rows:0  ] SELECT `id`,`user_id`,`object_id`,`type`,`created_at`,`updated_at` FROM `collection_info` WHERE `type`=2 LIMIT 10,10
2024-03-09 09:42:00.289 [DEBU] {649399971ef5ba170c0e7d6ff8dea251} [  5 ms] [default] [shop] [rows:6  ] SHOW FULL COLUMNS FROM `collection_info`
2024-03-09 09:42:00.290 [DEBU] {649399971ef5ba170c0e7d6ff8dea251} [  1 ms] [default] [shop] [rows:1  ] SELECT COUNT(1) FROM `collection_info` WHERE `type`=2
2024-03-09 09:42:00.292 [DEBU] {649399971ef5ba170c0e7d6ff8dea251} [  1 ms] [default] [shop] [rows:23 ] SHOW TABLES
2024-03-09 09:42:00.293 [DEBU] {649399971ef5ba170c0e7d6ff8dea251} [  1 ms] [default] [shop] [rows:0  ] SELECT `id`,`user_id`,`object_id`,`type`,`created_at`,`updated_at` FROM `collection_info` WHERE `type`=2 LIMIT 10,10
2024-03-09 10:41:10.789 [DEBU] {147fde4159f8ba178411b71c04391666} [  5 ms] [default] [shop] [rows:6  ] SHOW FULL COLUMNS FROM `praise_info`
2024-03-09 10:41:10.795 [DEBU] {147fde4159f8ba178411b71c04391666} [  5 ms] [default] [shop] [rows:1  ] INSERT INTO `praise_info`(`user_id`,`type`,`object_id`,`created_at`,`updated_at`) VALUES(15,1,64,'2024-03-09 10:41:10','2024-03-09 10:41:10') 
2024-03-09 10:41:26.796 [DEBU] {0cad36fc5cf8ba178511b71ce110a569} [  3 ms] [default] [shop] [rows:1  ] INSERT INTO `praise_info`(`user_id`,`type`,`object_id`,`created_at`,`updated_at`) VALUES(15,1,6,'2024-03-09 10:41:26','2024-03-09 10:41:26') 
2024-03-09 10:41:28.633 [DEBU] {3019b6695df8ba178611b71c0d8dc99f} [  3 ms] [default] [shop] [rows:1  ] INSERT INTO `praise_info`(`user_id`,`type`,`object_id`,`created_at`,`updated_at`) VALUES(15,2,13,'2024-03-09 10:41:28','2024-03-09 10:41:28') 
2024-03-09 10:41:30.176 [DEBU] {d4c3bac55df8ba178711b71cc871425b} [  3 ms] [default] [shop] [rows:1  ] INSERT INTO `praise_info`(`user_id`,`type`,`object_id`,`created_at`,`updated_at`) VALUES(15,2,63,'2024-03-09 10:41:30','2024-03-09 10:41:30') 
2024-03-09 10:41:59.699 [DEBU] {5cc73ea564f8ba178811b71c70c559d4} [  4 ms] [default] [shop] [rows:1  ] DELETE FROM `praise_info` WHERE `id`=10
2024-03-09 10:42:13.486 [DEBU] {0c2d45db67f8ba178911b71c27e756e5} [  1 ms] [default] [shop] [rows:1  ] SELECT COUNT(1) FROM `praise_info` WHERE `type`=2
2024-03-09 10:42:13.489 [DEBU] {0c2d45db67f8ba178911b71c27e756e5} [  3 ms] [default] [shop] [rows:23 ] SHOW TABLES
2024-03-09 10:42:13.490 [DEBU] {0c2d45db67f8ba178911b71c27e756e5} [  1 ms] [default] [shop] [rows:2  ] SELECT `id`,`user_id`,`object_id`,`type`,`created_at`,`updated_at` FROM `praise_info` WHERE `type`=2 LIMIT 0,10
2024-03-09 10:42:13.492 [DEBU] {0c2d45db67f8ba178911b71c27e756e5} [  2 ms] [default] [shop] [rows:15 ] SHOW FULL COLUMNS FROM `goods_info`
2024-03-09 10:42:13.496 [DEBU] {0c2d45db67f8ba178911b71c27e756e5} [  4 ms] [default] [shop] [rows:0  ] SELECT `id`,`name`,`pic_url`,`price` FROM `goods_info` WHERE (`id` IN(13,63)) AND `deleted_at` IS NULL
2024-03-09 10:42:13.498 [DEBU] {0c2d45db67f8ba178911b71c27e756e5} [  1 ms] [default] [shop] [rows:11 ] SHOW FULL COLUMNS FROM `article_info`
2024-03-09 10:42:13.499 [DEBU] {0c2d45db67f8ba178911b71c27e756e5} [  1 ms] [default] [shop] [rows:0  ] SELECT `id`,`title`,`desc`,`pic_url` FROM `article_info` WHERE (`id` IN(13,63)) AND `deleted_at` IS NULL
2024-03-09 15:04:01.915 [DEBU] {b4ba1942b106bb174f6003003f915f34} [  6 ms] [default] [shop] [rows:15 ] SHOW FULL COLUMNS FROM `goods_info`
2024-03-09 15:04:01.917 [DEBU] {b4ba1942b106bb174f6003003f915f34} [  1 ms] [default] [shop] [rows:23 ] SHOW TABLES
2024-03-09 15:04:01.920 [DEBU] {b4ba1942b106bb174f6003003f915f34} [  2 ms] [default] [shop] [rows:0  ] SELECT `id`,`pic_url`,`name`,`price`,`level1_category_id`,`level2_category_id`,`level3_category_id`,`brand`,`stock`,`sale`,`tags`,`detail_info`,`created_at`,`updated_at`,`deleted_at` FROM `goods_info` WHERE (`id`=0) AND `deleted_at` IS NULL LIMIT 1
2024-03-09 15:04:08.903 [DEBU] {e87f1ee3b206bb175060030043944c26} [  0 ms] [default] [shop] [rows:0  ] SELECT `id`,`pic_url`,`name`,`price`,`level1_category_id`,`level2_category_id`,`level3_category_id`,`brand`,`stock`,`sale`,`tags`,`detail_info`,`created_at`,`updated_at`,`deleted_at` FROM `goods_info` WHERE (`id`=15) AND `deleted_at` IS NULL LIMIT 1
2024-03-09 15:04:17.546 [DEBU] {3c453ce6b406bb1751600300f05db072} [  1 ms] [default] [shop] [rows:1  ] SELECT `id`,`pic_url`,`name`,`price`,`level1_category_id`,`level2_category_id`,`level3_category_id`,`brand`,`stock`,`sale`,`tags`,`detail_info`,`created_at`,`updated_at`,`deleted_at` FROM `goods_info` WHERE (`id`=1) AND `deleted_at` IS NULL LIMIT 1
2024-03-09 15:04:17.548 [DEBU] {3c453ce6b406bb1751600300f05db072} [  2 ms] [default] [shop] [rows:9  ] SHOW FULL COLUMNS FROM `goods_options_info`
2024-03-09 15:04:17.549 [DEBU] {3c453ce6b406bb1751600300f05db072} [  1 ms] [default] [shop] [rows:2  ] SELECT `id`,`goods_id`,`pic_url`,`name`,`price`,`stock`,`created_at`,`updated_at`,`deleted_at` FROM `goods_options_info` WHERE (`goods_id`=1) AND `deleted_at` IS NULL
2024-03-09 15:05:44.910 [DEBU] {342e4f3dc906bb1783c82c6f2b51fafb} [  4 ms] [default] [shop] [rows:15 ] SHOW FULL COLUMNS FROM `goods_info`
2024-03-09 15:05:44.912 [DEBU] {342e4f3dc906bb1783c82c6f2b51fafb} [  2 ms] [default] [shop] [rows:23 ] SHOW TABLES
2024-03-09 15:05:44.913 [DEBU] {342e4f3dc906bb1783c82c6f2b51fafb} [  1 ms] [default] [shop] [rows:1  ] SELECT `id`,`pic_url`,`name`,`price`,`level1_category_id`,`level2_category_id`,`level3_category_id`,`brand`,`stock`,`sale`,`tags`,`detail_info`,`created_at`,`updated_at`,`deleted_at` FROM `goods_info` WHERE (`id`=1) AND `deleted_at` IS NULL LIMIT 1
2024-03-09 15:05:44.915 [DEBU] {342e4f3dc906bb1783c82c6f2b51fafb} [  1 ms] [default] [shop] [rows:9  ] SHOW FULL COLUMNS FROM `goods_options_info`
2024-03-09 15:05:44.916 [DEBU] {342e4f3dc906bb1783c82c6f2b51fafb} [  1 ms] [default] [shop] [rows:2  ] SELECT `id`,`goods_id`,`pic_url`,`name`,`price`,`stock`,`created_at`,`updated_at`,`deleted_at` FROM `goods_options_info` WHERE (`goods_id`=1) AND `deleted_at` IS NULL
2024-03-09 15:06:00.399 [DEBU] {dc7ec6d8cc06bb1785c82c6f51ab8504} [  1 ms] [default] [shop] [rows:1  ] SELECT `id`,`pic_url`,`name`,`price`,`level1_category_id`,`level2_category_id`,`level3_category_id`,`brand`,`stock`,`sale`,`tags`,`detail_info`,`created_at`,`updated_at`,`deleted_at` FROM `goods_info` WHERE (`id`=1) AND `deleted_at` IS NULL LIMIT 1
2024-03-09 15:06:00.400 [DEBU] {dc7ec6d8cc06bb1785c82c6f51ab8504} [  1 ms] [default] [shop] [rows:2  ] SELECT `id`,`goods_id`,`pic_url`,`name`,`price`,`stock`,`created_at`,`updated_at`,`deleted_at` FROM `goods_options_info` WHERE (`goods_id`=1) AND `deleted_at` IS NULL
2024-03-09 15:06:15.812 [DEBU] {e892616fd006bb1786c82c6f88737989} [  2 ms] [default] [shop] [rows:1  ] SELECT `id`,`pic_url`,`name`,`price`,`level1_category_id`,`level2_category_id`,`level3_category_id`,`brand`,`stock`,`sale`,`tags`,`detail_info`,`created_at`,`updated_at`,`deleted_at` FROM `goods_info` WHERE (`id`=1) AND `deleted_at` IS NULL LIMIT 1
2024-03-09 15:06:15.813 [DEBU] {e892616fd006bb1786c82c6f88737989} [  0 ms] [default] [shop] [rows:2  ] SELECT `id`,`goods_id`,`pic_url`,`name`,`price`,`stock`,`created_at`,`updated_at`,`deleted_at` FROM `goods_options_info` WHERE (`goods_id`=1) AND `deleted_at` IS NULL
2024-03-09 15:06:26.913 [DEBU] {e047d104d306bb175cc3a26bce68f562} [  5 ms] [default] [shop] [rows:15 ] SHOW FULL COLUMNS FROM `goods_info`
2024-03-09 15:06:26.916 [DEBU] {e047d104d306bb175cc3a26bce68f562} [  2 ms] [default] [shop] [rows:23 ] SHOW TABLES
2024-03-09 15:06:26.917 [DEBU] {e047d104d306bb175cc3a26bce68f562} [  1 ms] [default] [shop] [rows:1  ] SELECT `id`,`pic_url`,`name`,`price`,`level1_category_id`,`level2_category_id`,`level3_category_id`,`brand`,`stock`,`sale`,`tags`,`detail_info`,`created_at`,`updated_at`,`deleted_at` FROM `goods_info` WHERE (`id`=1) AND `deleted_at` IS NULL LIMIT 1
2024-03-09 15:06:26.919 [DEBU] {e047d104d306bb175cc3a26bce68f562} [  2 ms] [default] [shop] [rows:9  ] SHOW FULL COLUMNS FROM `comment_info`
2024-03-09 15:06:26.920 [DEBU] {e047d104d306bb175cc3a26bce68f562} [  1 ms] [default] [shop] [rows:1  ] SELECT `id`,`parent_id`,`user_id`,`object_id`,`type`,`content`,`created_at`,`updated_at`,`deleted_at` FROM `comment_info` WHERE ((type=1) AND (`object_id`=1)) AND `deleted_at` IS NULL LIMIT 1
2024-03-09 15:06:26.922 [DEBU] {e047d104d306bb175cc3a26bce68f562} [  2 ms] [default] [shop] [rows:9  ] SHOW FULL COLUMNS FROM `goods_options_info`
2024-03-09 15:06:26.924 [DEBU] {e047d104d306bb175cc3a26bce68f562} [  2 ms] [default] [shop] [rows:2  ] SELECT `id`,`goods_id`,`pic_url`,`name`,`price`,`stock`,`created_at`,`updated_at`,`deleted_at` FROM `goods_options_info` WHERE (`goods_id`=1) AND `deleted_at` IS NULL
2024-03-09 19:45:06.113 [DEBU] {2c4315c20716bb17fd6f6145e18b73cc} [ 15 ms] [default] [shop] [rows:15 ] SHOW FULL COLUMNS FROM `goods_info`
2024-03-09 19:45:06.118 [DEBU] {2c4315c20716bb17fd6f6145e18b73cc} [  3 ms] [default] [shop] [rows:23 ] SHOW TABLES
2024-03-09 19:45:06.120 [DEBU] {2c4315c20716bb17fd6f6145e18b73cc} [  2 ms] [default] [shop] [rows:0  ] SELECT `id`,`pic_url`,`name`,`price`,`level1_category_id`,`level2_category_id`,`level3_category_id`,`brand`,`stock`,`sale`,`tags`,`detail_info`,`created_at`,`updated_at`,`deleted_at` FROM `goods_info` WHERE (`id`=0) AND `deleted_at` IS NULL LIMIT 1
2024-03-09 19:45:25.657 [DEBU] {282e05500c16bb17fe6f614501ee2510} [  1 ms] [default] [shop] [rows:1  ] SELECT `id`,`pic_url`,`name`,`price`,`level1_category_id`,`level2_category_id`,`level3_category_id`,`brand`,`stock`,`sale`,`tags`,`detail_info`,`created_at`,`updated_at`,`deleted_at` FROM `goods_info` WHERE (`id`=1) AND `deleted_at` IS NULL LIMIT 1
2024-03-09 19:45:25.658 [DEBU] {282e05500c16bb17fe6f614501ee2510} [  0 ms] [default] [shop] [rows:9  ] SHOW FULL COLUMNS FROM `goods_options_info`
2024-03-09 19:45:25.661 [DEBU] {282e05500c16bb17fe6f614501ee2510} [  2 ms] [default] [shop] [rows:2  ] SELECT `id`,`goods_id`,`pic_url`,`name`,`price`,`stock`,`created_at`,`updated_at`,`deleted_at` FROM `goods_options_info` WHERE (`goods_id`='1') AND `deleted_at` IS NULL
2024-03-09 19:45:25.662 [DEBU] {282e05500c16bb17fe6f614501ee2510} [  1 ms] [default] [shop] [rows:9  ] SHOW FULL COLUMNS FROM `comment_info`
2024-03-09 19:45:25.664 [DEBU] {282e05500c16bb17fe6f614501ee2510} [  1 ms] [default] [shop] [rows:2  ] SELECT * FROM `comment_info` WHERE ((type=1) AND (`object_id`='1')) AND `deleted_at` IS NULL
2024-03-09 19:45:25.666 [DEBU] {282e05500c16bb17fe6f614501ee2510} [  1 ms] [default] [shop] [rows:12 ] SHOW FULL COLUMNS FROM `user_info`
2024-03-09 19:45:25.669 [DEBU] {282e05500c16bb17fe6f614501ee2510} [  2 ms] [default] [shop] [rows:0  ] SELECT `id`,`name`,`avatar`,`sex`,`sign`,`status` FROM `user_info` WHERE (`id` IN('15','15')) AND `deleted_at` IS NULL
2024-03-09 19:46:53.459 [DEBU] {cc7615c12016bb17115f1b2816063479} [  6 ms] [default] [shop] [rows:15 ] SHOW FULL COLUMNS FROM `goods_info`
2024-03-09 19:46:53.462 [DEBU] {cc7615c12016bb17115f1b2816063479} [  2 ms] [default] [shop] [rows:23 ] SHOW TABLES
2024-03-09 19:46:53.464 [DEBU] {cc7615c12016bb17115f1b2816063479} [  2 ms] [default] [shop] [rows:1  ] SELECT `id`,`pic_url`,`name`,`price`,`level1_category_id`,`level2_category_id`,`level3_category_id`,`brand`,`stock`,`sale`,`tags`,`detail_info`,`created_at`,`updated_at`,`deleted_at` FROM `goods_info` WHERE (`id`=1) AND `deleted_at` IS NULL LIMIT 1
2024-03-09 19:46:53.466 [DEBU] {cc7615c12016bb17115f1b2816063479} [  2 ms] [default] [shop] [rows:9  ] SHOW FULL COLUMNS FROM `comment_info`
2024-03-09 19:46:53.467 [DEBU] {cc7615c12016bb17115f1b2816063479} [  1 ms] [default] [shop] [rows:2  ] SELECT * FROM `comment_info` WHERE ((type=1) AND (`object_id`='1')) AND `deleted_at` IS NULL
2024-03-09 19:46:53.469 [DEBU] {cc7615c12016bb17115f1b2816063479} [  2 ms] [default] [shop] [rows:12 ] SHOW FULL COLUMNS FROM `user_info`
2024-03-09 19:46:53.470 [DEBU] {cc7615c12016bb17115f1b2816063479} [  1 ms] [default] [shop] [rows:0  ] SELECT `id`,`name`,`avatar`,`sex`,`sign`,`status` FROM `user_info` WHERE (`id` IN('15','15')) AND `deleted_at` IS NULL
2024-03-09 19:46:53.471 [DEBU] {cc7615c12016bb17115f1b2816063479} [  1 ms] [default] [shop] [rows:9  ] SHOW FULL COLUMNS FROM `goods_options_info`
2024-03-09 19:46:53.472 [DEBU] {cc7615c12016bb17115f1b2816063479} [  1 ms] [default] [shop] [rows:2  ] SELECT `id`,`goods_id`,`pic_url`,`name`,`price`,`stock`,`created_at`,`updated_at`,`deleted_at` FROM `goods_options_info` WHERE (`goods_id`='1') AND `deleted_at` IS NULL
2024-03-09 19:47:16.025 [DEBU] {b8a60d022616bb1785080a168f848b9e} [  6 ms] [default] [shop] [rows:15 ] SHOW FULL COLUMNS FROM `goods_info`
2024-03-09 19:47:16.027 [DEBU] {b8a60d022616bb1785080a168f848b9e} [  2 ms] [default] [shop] [rows:23 ] SHOW TABLES
2024-03-09 19:47:16.029 [DEBU] {b8a60d022616bb1785080a168f848b9e} [  1 ms] [default] [shop] [rows:1  ] SELECT `id`,`pic_url`,`name`,`price`,`level1_category_id`,`level2_category_id`,`level3_category_id`,`brand`,`stock`,`sale`,`tags`,`detail_info`,`created_at`,`updated_at`,`deleted_at` FROM `goods_info` WHERE (`id`=1) AND `deleted_at` IS NULL LIMIT 1
2024-03-09 19:47:16.030 [DEBU] {b8a60d022616bb1785080a168f848b9e} [  1 ms] [default] [shop] [rows:9  ] SHOW FULL COLUMNS FROM `comment_info`
2024-03-09 19:47:16.031 [DEBU] {b8a60d022616bb1785080a168f848b9e} [  0 ms] [default] [shop] [rows:2  ] SELECT * FROM `comment_info` WHERE ((type=1) AND (`object_id`='1')) AND `deleted_at` IS NULL
2024-03-09 19:47:16.033 [DEBU] {b8a60d022616bb1785080a168f848b9e} [  1 ms] [default] [shop] [rows:12 ] SHOW FULL COLUMNS FROM `user_info`
2024-03-09 19:47:16.034 [DEBU] {b8a60d022616bb1785080a168f848b9e} [  1 ms] [default] [shop] [rows:0  ] SELECT `id`,`name`,`avatar`,`sex`,`sign`,`status` FROM `user_info` WHERE (`id` IN('15','15')) AND `deleted_at` IS NULL
2024-03-09 19:47:16.035 [DEBU] {b8a60d022616bb1785080a168f848b9e} [  1 ms] [default] [shop] [rows:9  ] SHOW FULL COLUMNS FROM `goods_options_info`
2024-03-09 19:47:16.035 [DEBU] {b8a60d022616bb1785080a168f848b9e} [  0 ms] [default] [shop] [rows:2  ] SELECT `id`,`goods_id`,`pic_url`,`name`,`price`,`stock`,`created_at`,`updated_at`,`deleted_at` FROM `goods_options_info` WHERE (`goods_id`='1') AND `deleted_at` IS NULL
2024-03-09 19:52:00.552 [DEBU] {e8be0c416816bb17bfdf642d730369e4} [  9 ms] [default] [shop] [rows:15 ] SHOW FULL COLUMNS FROM `goods_info`
2024-03-09 19:52:00.555 [DEBU] {e8be0c416816bb17bfdf642d730369e4} [  2 ms] [default] [shop] [rows:23 ] SHOW TABLES
2024-03-09 19:52:00.557 [DEBU] {e8be0c416816bb17bfdf642d730369e4} [  1 ms] [default] [shop] [rows:1  ] SELECT `id`,`pic_url`,`name`,`price`,`level1_category_id`,`level2_category_id`,`level3_category_id`,`brand`,`stock`,`sale`,`tags`,`detail_info`,`created_at`,`updated_at`,`deleted_at` FROM `goods_info` WHERE (`id`=1) AND `deleted_at` IS NULL LIMIT 1
2024-03-09 19:52:00.558 [DEBU] {e8be0c416816bb17bfdf642d730369e4} [  1 ms] [default] [shop] [rows:9  ] SHOW FULL COLUMNS FROM `comment_info`
2024-03-09 19:52:00.559 [DEBU] {e8be0c416816bb17bfdf642d730369e4} [  1 ms] [default] [shop] [rows:2  ] SELECT * FROM `comment_info` WHERE ((type=1) AND (`object_id`='1')) AND `deleted_at` IS NULL
2024-03-09 19:52:00.560 [DEBU] {e8be0c416816bb17bfdf642d730369e4} [  1 ms] [default] [shop] [rows:12 ] SHOW FULL COLUMNS FROM `user_info`
2024-03-09 19:52:00.561 [DEBU] {e8be0c416816bb17bfdf642d730369e4} [  1 ms] [default] [shop] [rows:0  ] SELECT `id`,`name`,`avatar`,`sex`,`sign`,`status` FROM `user_info` WHERE (`id` IN('15','15')) AND `deleted_at` IS NULL
2024-03-09 19:52:00.563 [DEBU] {e8be0c416816bb17bfdf642d730369e4} [  1 ms] [default] [shop] [rows:9  ] SHOW FULL COLUMNS FROM `goods_options_info`
2024-03-09 19:52:00.564 [DEBU] {e8be0c416816bb17bfdf642d730369e4} [  1 ms] [default] [shop] [rows:2  ] SELECT `id`,`goods_id`,`pic_url`,`name`,`price`,`stock`,`created_at`,`updated_at`,`deleted_at` FROM `goods_options_info` WHERE (`goods_id`='1') AND `deleted_at` IS NULL
2024-03-09 19:52:00.565 [DEBU] {e8be0c416816bb17bfdf642d730369e4} [  1 ms] [default] [shop] [rows:1  ] SELECT COUNT(1) FROM `comment_info` WHERE (`user_id` IS NULL AND `object_id`=1 AND `type`=1) AND `deleted_at` IS NULL
2024-03-09 19:52:10.323 [DEBU] {d4800b886a16bb17c0df642d53272993} [  1 ms] [default] [shop] [rows:0  ] SELECT `id`,`pic_url`,`name`,`price`,`level1_category_id`,`level2_category_id`,`level3_category_id`,`brand`,`stock`,`sale`,`tags`,`detail_info`,`created_at`,`updated_at`,`deleted_at` FROM `goods_info` WHERE (`id`=4) AND `deleted_at` IS NULL LIMIT 1
2024-03-09 19:52:18.352 [DEBU] {b44590666c16bb17c1df642d0fd93320} [  1 ms] [default] [shop] [rows:1  ] SELECT `id`,`pic_url`,`name`,`price`,`level1_category_id`,`level2_category_id`,`level3_category_id`,`brand`,`stock`,`sale`,`tags`,`detail_info`,`created_at`,`updated_at`,`deleted_at` FROM `goods_info` WHERE (`id`=2) AND `deleted_at` IS NULL LIMIT 1
2024-03-09 19:52:18.353 [DEBU] {b44590666c16bb17c1df642d0fd93320} [  1 ms] [default] [shop] [rows:0  ] SELECT * FROM `comment_info` WHERE ((type=1) AND (`object_id`='2')) AND `deleted_at` IS NULL
2024-03-09 19:52:18.354 [DEBU] {b44590666c16bb17c1df642d0fd93320} [  1 ms] [default] [shop] [rows:0  ] SELECT `id`,`goods_id`,`pic_url`,`name`,`price`,`stock`,`created_at`,`updated_at`,`deleted_at` FROM `goods_options_info` WHERE (`goods_id`='2') AND `deleted_at` IS NULL
2024-03-09 19:52:18.354 [DEBU] {b44590666c16bb17c1df642d0fd93320} [  0 ms] [default] [shop] [rows:1  ] SELECT COUNT(1) FROM `comment_info` WHERE (`user_id` IS NULL AND `object_id`=2 AND `type`=1) AND `deleted_at` IS NULL
2024-03-09 19:52:36.779 [DEBU] {788fd4b07016bb17c2df642d9063480b} [  2 ms] [default] [shop] [rows:1  ] SELECT `id`,`pic_url`,`name`,`price`,`level1_category_id`,`level2_category_id`,`level3_category_id`,`brand`,`stock`,`sale`,`tags`,`detail_info`,`created_at`,`updated_at`,`deleted_at` FROM `goods_info` WHERE (`id`=1) AND `deleted_at` IS NULL LIMIT 1
2024-03-09 19:52:36.779 [DEBU] {788fd4b07016bb17c2df642d9063480b} [  0 ms] [default] [shop] [rows:2  ] SELECT `id`,`goods_id`,`pic_url`,`name`,`price`,`stock`,`created_at`,`updated_at`,`deleted_at` FROM `goods_options_info` WHERE (`goods_id`='1') AND `deleted_at` IS NULL
2024-03-09 19:52:36.780 [DEBU] {788fd4b07016bb17c2df642d9063480b} [  0 ms] [default] [shop] [rows:2  ] SELECT * FROM `comment_info` WHERE ((type=1) AND (`object_id`='1')) AND `deleted_at` IS NULL
2024-03-09 19:52:36.783 [DEBU] {788fd4b07016bb17c2df642d9063480b} [  3 ms] [default] [shop] [rows:0  ] SELECT `id`,`name`,`avatar`,`sex`,`sign`,`status` FROM `user_info` WHERE (`id` IN('15','15')) AND `deleted_at` IS NULL
2024-03-09 19:52:36.784 [DEBU] {788fd4b07016bb17c2df642d9063480b} [  0 ms] [default] [shop] [rows:1  ] SELECT COUNT(1) FROM `comment_info` WHERE (`user_id` IS NULL AND `object_id`=1 AND `type`=1) AND `deleted_at` IS NULL
2024-03-09 19:53:37.425 [DEBU] {0017a2cf7e16bb17c3df642d128ce1b6} [  2 ms] [default] [shop] [rows:1  ] SELECT `id`,`pic_url`,`name`,`price`,`level1_category_id`,`level2_category_id`,`level3_category_id`,`brand`,`stock`,`sale`,`tags`,`detail_info`,`created_at`,`updated_at`,`deleted_at` FROM `goods_info` WHERE (`id`=1) AND `deleted_at` IS NULL LIMIT 1
2024-03-09 19:53:37.427 [DEBU] {0017a2cf7e16bb17c3df642d128ce1b6} [  2 ms] [default] [shop] [rows:2  ] SELECT `id`,`goods_id`,`pic_url`,`name`,`price`,`stock`,`created_at`,`updated_at`,`deleted_at` FROM `goods_options_info` WHERE (`goods_id`='1') AND `deleted_at` IS NULL
2024-03-09 19:53:37.429 [DEBU] {0017a2cf7e16bb17c3df642d128ce1b6} [  1 ms] [default] [shop] [rows:2  ] SELECT * FROM `comment_info` WHERE ((type=1) AND (`object_id`='1')) AND `deleted_at` IS NULL
2024-03-09 19:53:37.430 [DEBU] {0017a2cf7e16bb17c3df642d128ce1b6} [  1 ms] [default] [shop] [rows:0  ] SELECT `id`,`name`,`avatar`,`sex`,`sign`,`status` FROM `user_info` WHERE (`id` IN('15','15')) AND `deleted_at` IS NULL
2024-03-09 19:53:37.431 [DEBU] {0017a2cf7e16bb17c3df642d128ce1b6} [  0 ms] [default] [shop] [rows:1  ] SELECT COUNT(1) FROM `comment_info` WHERE (`user_id` IS NULL AND `object_id`=1 AND `type`=1) AND `deleted_at` IS NULL
